[2017-08-22 14:04:37] production.ERROR: InvalidArgumentException: View [culture4] not found. in /Applications/MAMP/htdocs/baoo/vendor/laravel/framework/src/Illuminate/View/FileViewFinder.php:140
Stack trace:
#0 /Applications/MAMP/htdocs/baoo/vendor/laravel/framework/src/Illuminate/View/FileViewFinder.php(77): Illuminate\View\FileViewFinder->findInPaths('culture4', Array)
#1 /Applications/MAMP/htdocs/baoo/vendor/laravel/framework/src/Illuminate/View/Factory.php(145): Illuminate\View\FileViewFinder->find('culture4')
#2 /Applications/MAMP/htdocs/baoo/vendor/laravel/framework/src/Illuminate/Foundation/helpers.php(592): Illuminate\View\Factory->make('culture4', Array, Array)
#3 /Applications/MAMP/htdocs/baoo/app/Http/Controllers/IndexController.php(158): view('culture4', Array)
#4 [internal function]: App\Http\Controllers\IndexController->culture4()
#5 /Applications/MAMP/htdocs/baoo/vendor/laravel/framework/src/Illuminate/Routing/Controller.php(246): call_user_func_array(Array, Array)
#6 /Applications/MAMP/htdocs/baoo/vendor/laravel/framework/src/Illuminate/Routing/ControllerDispatcher.php(162): Illuminate\Routing\Controller->callAction('culture4', Array)
#7 /Applications/MAMP/htdocs/baoo/vendor/laravel/framework/src/Illuminate/Routing/ControllerDispatcher.php(107): Illuminate\Routing\ControllerDispatcher->call(Object(App\Http\Controllers\IndexController), Object(Illuminate\Routing\Route), 'culture4')
#8 [internal function]: Illuminate\Routing\ControllerDispatcher->Illuminate\Routing\{closure}(Object(Illuminate\Http\Request))
#9 /Applications/MAMP/htdocs/baoo/vendor/laravel/framework/src/Illuminate/Pipeline/Pipeline.php(141): call_user_func(Object(Closure), Object(Illuminate\Http\Request))
#10 [internal function]: Illuminate\Pipeline\Pipeline->Illuminate\Pipeline\{closure}(Object(Illuminate\Http\Request))
#11 /Applications/MAMP/htdocs/baoo/vendor/laravel/framework/src/Illuminate/Pipeline/Pipeline.php(100): call_user_func(Object(Closure), Object(Illuminate\Http\Request))
#12 /Applications/MAMP/htdocs/baoo/vendor/laravel/framework/src/Illuminate/Routing/ControllerDispatcher.php(108): Illuminate\Pipeline\Pipeline->then(Object(Closure))
#13 /Applications/MAMP/htdocs/baoo/vendor/laravel/framework/src/Illuminate/Routing/ControllerDispatcher.php(66): Illuminate\Routing\ControllerDispatcher->callWithinStack(Object(App\Http\Controllers\IndexController), Object(Illuminate\Routing\Route), Object(Illuminate\Http\Request), 'culture4')
#14 /Applications/MAMP/htdocs/baoo/vendor/laravel/framework/src/Illuminate/Routing/Route.php(204): Illuminate\Routing\ControllerDispatcher->dispatch(Object(Illuminate\Routing\Route), Object(Illuminate\Http\Request), 'App\\Http\\Contro...', 'culture4')
#15 /Applications/MAMP/htdocs/baoo/vendor/laravel/framework/src/Illuminate/Routing/Route.php(134): Illuminate\Routing\Route->runWithCustomDispatcher(Object(Illuminate\Http\Request))
#16 /Applications/MAMP/htdocs/baoo/vendor/laravel/framework/src/Illuminate/Routing/Router.php(701): Illuminate\Routing\Route->run(Object(Illuminate\Http\Request))
#17 [internal function]: Illuminate\Routing\Router->Illuminate\Routing\{closure}(Object(Illuminate\Http\Request))
#18 /Applications/MAMP/htdocs/baoo/vendor/laravel/framework/src/Illuminate/Pipeline/Pipeline.php(141): call_user_func(Object(Closure), Object(Illuminate\Http\Request))
#19 /Applications/MAMP/htdocs/baoo/vendor/laravel/framework/src/Illuminate/Foundation/Http/Middleware/VerifyCsrfToken.php(43): Illuminate\Pipeline\Pipeline->Illuminate\Pipeline\{closure}(Object(Illuminate\Http\Request))
#20 /Applications/MAMP/htdocs/baoo/app/Http/Middleware/VerifyCsrfToken.php(17): Illuminate\Foundation\Http\Middleware\VerifyCsrfToken->handle(Object(Illuminate\Http\Request), Object(Closure))
#21 /Applications/MAMP/htdocs/baoo/vendor/laravel/framework/src/Illuminate/Pipeline/Pipeline.php(125): App\Http\Middleware\VerifyCsrfToken->handle(Object(Illuminate\Http\Request), Object(Closure))
#22 [internal function]: Illuminate\Pipeline\Pipeline->Illuminate\Pipeline\{closure}(Object(Illuminate\Http\Request))
#23 /Applications/MAMP/htdocs/baoo/vendor/laravel/framework/src/Illuminate/Pipeline/Pipeline.php(100): call_user_func(Object(Closure), Object(Illuminate\Http\Request))
#24 /Applications/MAMP/htdocs/baoo/vendor/laravel/framework/src/Illuminate/Routing/Router.php(703): Illuminate\Pipeline\Pipeline->then(Object(Closure))
#25 /Applications/MAMP/htdocs/baoo/vendor/laravel/framework/src/Illuminate/Routing/Router.php(669): Illuminate\Routing\Router->runRouteWithinStack(Object(Illuminate\Routing\Route), Object(Illuminate\Http\Request))
#26 /Applications/MAMP/htdocs/baoo/vendor/laravel/framework/src/Illuminate/Routing/Router.php(628): Illuminate\Routing\Router->dispatchToRoute(Object(Illuminate\Http\Request))
#27 /Applications/MAMP/htdocs/baoo/vendor/laravel/framework/src/Illuminate/Foundation/Http/Kernel.php(214): Illuminate\Routing\Router->dispatch(Object(Illuminate\Http\Request))
#28 [internal function]: Illuminate\Foundation\Http\Kernel->Illuminate\Foundation\Http\{closure}(Object(Illuminate\Http\Request))
#29 /Applications/MAMP/htdocs/baoo/vendor/laravel/framework/src/Illuminate/Pipeline/Pipeline.php(141): call_user_func(Object(Closure), Object(Illuminate\Http\Request))
#30 /Applications/MAMP/htdocs/baoo/vendor/laravel/framework/src/Illuminate/View/Middleware/ShareErrorsFromSession.php(55): Illuminate\Pipeline\Pipeline->Illuminate\Pipeline\{closure}(Object(Illuminate\Http\Request))
#31 /Applications/MAMP/htdocs/baoo/vendor/laravel/framework/src/Illuminate/Pipeline/Pipeline.php(125): Illuminate\View\Middleware\ShareErrorsFromSession->handle(Object(Illuminate\Http\Request), Object(Closure))
#32 /Applications/MAMP/htdocs/baoo/vendor/laravel/framework/src/Illuminate/Session/Middleware/StartSession.php(61): Illuminate\Pipeline\Pipeline->Illuminate\Pipeline\{closure}(Object(Illuminate\Http\Request))
#33 /Applications/MAMP/htdocs/baoo/vendor/laravel/framework/src/Illuminate/Pipeline/Pipeline.php(125): Illuminate\Session\Middleware\StartSession->handle(Object(Illuminate\Http\Request), Object(Closure))
#34 /Applications/MAMP/htdocs/baoo/vendor/laravel/framework/src/Illuminate/Cookie/Middleware/AddQueuedCookiesToResponse.php(36): Illuminate\Pipeline\Pipeline->Illuminate\Pipeline\{closure}(Object(Illuminate\Http\Request))
#35 /Applications/MAMP/htdocs/baoo/vendor/laravel/framework/src/Illuminate/Pipeline/Pipeline.php(125): Illuminate\Cookie\Middleware\AddQueuedCookiesToResponse->handle(Object(Illuminate\Http\Request), Object(Closure))
#36 /Applications/MAMP/htdocs/baoo/vendor/laravel/framework/src/Illuminate/Cookie/Middleware/EncryptCookies.php(40): Illuminate\Pipeline\Pipeline->Illuminate\Pipeline\{closure}(Object(Illuminate\Http\Request))
#37 /Applications/MAMP/htdocs/baoo/vendor/laravel/framework/src/Illuminate/Pipeline/Pipeline.php(125): Illuminate\Cookie\Middleware\EncryptCookies->handle(Object(Illuminate\Http\Request), Object(Closure))
#38 /Applications/MAMP/htdocs/baoo/vendor/laravel/framework/src/Illuminate/Foundation/Http/Middleware/CheckForMaintenanceMode.php(42): Illuminate\Pipeline\Pipeline->Illuminate\Pipeline\{closure}(Object(Illuminate\Http\Request))
#39 /Applications/MAMP/htdocs/baoo/vendor/laravel/framework/src/Illuminate/Pipeline/Pipeline.php(125): Illuminate\Foundation\Http\Middleware\CheckForMaintenanceMode->handle(Object(Illuminate\Http\Request), Object(Closure))
#40 [internal function]: Illuminate\Pipeline\Pipeline->Illuminate\Pipeline\{closure}(Object(Illuminate\Http\Request))
#41 /Applications/MAMP/htdocs/baoo/vendor/laravel/framework/src/Illuminate/Pipeline/Pipeline.php(100): call_user_func(Object(Closure), Object(Illuminate\Http\Request))
#42 /Applications/MAMP/htdocs/baoo/vendor/laravel/framework/src/Illuminate/Foundation/Http/Kernel.php(115): Illuminate\Pipeline\Pipeline->then(Object(Closure))
#43 /Applications/MAMP/htdocs/baoo/vendor/laravel/framework/src/Illuminate/Foundation/Http/Kernel.php(84): Illuminate\Foundation\Http\Kernel->sendRequestThroughRouter(Object(Illuminate\Http\Request))
#44 /Applications/MAMP/htdocs/baoo/public/index.php(52): Illuminate\Foundation\Http\Kernel->handle(Object(Illuminate\Http\Request))
#45 {main}  
