[2017-09-13 11:11:29] production.ERROR: InvalidArgumentException: View [inner2] not found. in /Applications/MAMP/htdocs/baoo/vendor/laravel/framework/src/Illuminate/View/FileViewFinder.php:140
Stack trace:
#0 /Applications/MAMP/htdocs/baoo/vendor/laravel/framework/src/Illuminate/View/FileViewFinder.php(77): Illuminate\View\FileViewFinder->findInPaths('inner2', Array)
#1 /Applications/MAMP/htdocs/baoo/vendor/laravel/framework/src/Illuminate/View/Factory.php(145): Illuminate\View\FileViewFinder->find('inner2')
#2 /Applications/MAMP/htdocs/baoo/vendor/laravel/framework/src/Illuminate/Foundation/helpers.php(592): Illuminate\View\Factory->make('inner2', Array, Array)
#3 /Applications/MAMP/htdocs/baoo/app/Http/Controllers/IndexController.php(225): view('inner2', Array)
#4 [internal function]: App\Http\Controllers\IndexController->inner2()
#5 /Applications/MAMP/htdocs/baoo/vendor/laravel/framework/src/Illuminate/Routing/Controller.php(246): call_user_func_array(Array, Array)
#6 /Applications/MAMP/htdocs/baoo/vendor/laravel/framework/src/Illuminate/Routing/ControllerDispatcher.php(162): Illuminate\Routing\Controller->callAction('inner2', Array)
#7 /Applications/MAMP/htdocs/baoo/vendor/laravel/framework/src/Illuminate/Routing/ControllerDispatcher.php(107): Illuminate\Routing\ControllerDispatcher->call(Object(App\Http\Controllers\IndexController), Object(Illuminate\Routing\Route), 'inner2')
#8 [internal function]: Illuminate\Routing\ControllerDispatcher->Illuminate\Routing\{closure}(Object(Illuminate\Http\Request))
#9 /Applications/MAMP/htdocs/baoo/vendor/laravel/framework/src/Illuminate/Pipeline/Pipeline.php(141): call_user_func(Object(Closure), Object(Illuminate\Http\Request))
#10 [internal function]: Illuminate\Pipeline\Pipeline->Illuminate\Pipeline\{closure}(Object(Illuminate\Http\Request))
#11 /Applications/MAMP/htdocs/baoo/vendor/laravel/framework/src/Illuminate/Pipeline/Pipeline.php(100): call_user_func(Object(Closure), Object(Illuminate\Http\Request))
#12 /Applications/MAMP/htdocs/baoo/vendor/laravel/framework/src/Illuminate/Routing/ControllerDispatcher.php(108): Illuminate\Pipeline\Pipeline->then(Object(Closure))
#13 /Applications/MAMP/htdocs/baoo/vendor/laravel/framework/src/Illuminate/Routing/ControllerDispatcher.php(66): Illuminate\Routing\ControllerDispatcher->callWithinStack(Object(App\Http\Controllers\IndexController), Object(Illuminate\Routing\Route), Object(Illuminate\Http\Request), 'inner2')
#14 /Applications/MAMP/htdocs/baoo/vendor/laravel/framework/src/Illuminate/Routing/Route.php(204): Illuminate\Routing\ControllerDispatcher->dispatch(Object(Illuminate\Routing\Route), Object(Illuminate\Http\Request), 'App\\Http\\Contro...', 'inner2')
#15 /Applications/MAMP/htdocs/baoo/vendor/laravel/framework/src/Illuminate/Routing/Route.php(134): Illuminate\Routing\Route->runWithCustomDispatcher(Object(Illuminate\Http\Request))
#16 /Applications/MAMP/htdocs/baoo/vendor/laravel/framework/src/Illuminate/Routing/Router.php(701): Illuminate\Routing\Route->run(Object(Illuminate\Http\Request))
#17 [internal function]: Illuminate\Routing\Router->Illuminate\Routing\{closure}(Object(Illuminate\Http\Request))
#18 /Applications/MAMP/htdocs/baoo/vendor/laravel/framework/src/Illuminate/Pipeline/Pipeline.php(141): call_user_func(Object(Closure), Object(Illuminate\Http\Request))
#19 /Applications/MAMP/htdocs/baoo/vendor/laravel/framework/src/Illuminate/Foundation/Http/Middleware/VerifyCsrfToken.php(43): Illuminate\Pipeline\Pipeline->Illuminate\Pipeline\{closure}(Object(Illuminate\Http\Request))
#20 /Applications/MAMP/htdocs/baoo/app/Http/Middleware/VerifyCsrfToken.php(17): Illuminate\Foundation\Http\Middleware\VerifyCsrfToken->handle(Object(Illuminate\Http\Request), Object(Closure))
#21 /Applications/MAMP/htdocs/baoo/vendor/laravel/framework/src/Illuminate/Pipeline/Pipeline.php(125): App\Http\Middleware\VerifyCsrfToken->handle(Object(Illuminate\Http\Request), Object(Closure))
#22 [internal function]: Illuminate\Pipeline\Pipeline->Illuminate\Pipeline\{closure}(Object(Illuminate\Http\Request))
#23 /Applications/MAMP/htdocs/baoo/vendor/laravel/framework/src/Illuminate/Pipeline/Pipeline.php(100): call_user_func(Object(Closure), Object(Illuminate\Http\Request))
#24 /Applications/MAMP/htdocs/baoo/vendor/laravel/framework/src/Illuminate/Routing/Router.php(703): Illuminate\Pipeline\Pipeline->then(Object(Closure))
#25 /Applications/MAMP/htdocs/baoo/vendor/laravel/framework/src/Illuminate/Routing/Router.php(669): Illuminate\Routing\Router->runRouteWithinStack(Object(Illuminate\Routing\Route), Object(Illuminate\Http\Request))
#26 /Applications/MAMP/htdocs/baoo/vendor/laravel/framework/src/Illuminate/Routing/Router.php(628): Illuminate\Routing\Router->dispatchToRoute(Object(Illuminate\Http\Request))
#27 /Applications/MAMP/htdocs/baoo/vendor/laravel/framework/src/Illuminate/Foundation/Http/Kernel.php(214): Illuminate\Routing\Router->dispatch(Object(Illuminate\Http\Request))
#28 [internal function]: Illuminate\Foundation\Http\Kernel->Illuminate\Foundation\Http\{closure}(Object(Illuminate\Http\Request))
#29 /Applications/MAMP/htdocs/baoo/vendor/laravel/framework/src/Illuminate/Pipeline/Pipeline.php(141): call_user_func(Object(Closure), Object(Illuminate\Http\Request))
#30 /Applications/MAMP/htdocs/baoo/vendor/laravel/framework/src/Illuminate/View/Middleware/ShareErrorsFromSession.php(55): Illuminate\Pipeline\Pipeline->Illuminate\Pipeline\{closure}(Object(Illuminate\Http\Request))
#31 /Applications/MAMP/htdocs/baoo/vendor/laravel/framework/src/Illuminate/Pipeline/Pipeline.php(125): Illuminate\View\Middleware\ShareErrorsFromSession->handle(Object(Illuminate\Http\Request), Object(Closure))
#32 /Applications/MAMP/htdocs/baoo/vendor/laravel/framework/src/Illuminate/Session/Middleware/StartSession.php(61): Illuminate\Pipeline\Pipeline->Illuminate\Pipeline\{closure}(Object(Illuminate\Http\Request))
#33 /Applications/MAMP/htdocs/baoo/vendor/laravel/framework/src/Illuminate/Pipeline/Pipeline.php(125): Illuminate\Session\Middleware\StartSession->handle(Object(Illuminate\Http\Request), Object(Closure))
#34 /Applications/MAMP/htdocs/baoo/vendor/laravel/framework/src/Illuminate/Cookie/Middleware/AddQueuedCookiesToResponse.php(36): Illuminate\Pipeline\Pipeline->Illuminate\Pipeline\{closure}(Object(Illuminate\Http\Request))
#35 /Applications/MAMP/htdocs/baoo/vendor/laravel/framework/src/Illuminate/Pipeline/Pipeline.php(125): Illuminate\Cookie\Middleware\AddQueuedCookiesToResponse->handle(Object(Illuminate\Http\Request), Object(Closure))
#36 /Applications/MAMP/htdocs/baoo/vendor/laravel/framework/src/Illuminate/Cookie/Middleware/EncryptCookies.php(40): Illuminate\Pipeline\Pipeline->Illuminate\Pipeline\{closure}(Object(Illuminate\Http\Request))
#37 /Applications/MAMP/htdocs/baoo/vendor/laravel/framework/src/Illuminate/Pipeline/Pipeline.php(125): Illuminate\Cookie\Middleware\EncryptCookies->handle(Object(Illuminate\Http\Request), Object(Closure))
#38 /Applications/MAMP/htdocs/baoo/vendor/laravel/framework/src/Illuminate/Foundation/Http/Middleware/CheckForMaintenanceMode.php(42): Illuminate\Pipeline\Pipeline->Illuminate\Pipeline\{closure}(Object(Illuminate\Http\Request))
#39 /Applications/MAMP/htdocs/baoo/vendor/laravel/framework/src/Illuminate/Pipeline/Pipeline.php(125): Illuminate\Foundation\Http\Middleware\CheckForMaintenanceMode->handle(Object(Illuminate\Http\Request), Object(Closure))
#40 [internal function]: Illuminate\Pipeline\Pipeline->Illuminate\Pipeline\{closure}(Object(Illuminate\Http\Request))
#41 /Applications/MAMP/htdocs/baoo/vendor/laravel/framework/src/Illuminate/Pipeline/Pipeline.php(100): call_user_func(Object(Closure), Object(Illuminate\Http\Request))
#42 /Applications/MAMP/htdocs/baoo/vendor/laravel/framework/src/Illuminate/Foundation/Http/Kernel.php(115): Illuminate\Pipeline\Pipeline->then(Object(Closure))
#43 /Applications/MAMP/htdocs/baoo/vendor/laravel/framework/src/Illuminate/Foundation/Http/Kernel.php(84): Illuminate\Foundation\Http\Kernel->sendRequestThroughRouter(Object(Illuminate\Http\Request))
#44 /Applications/MAMP/htdocs/baoo/public/index.php(52): Illuminate\Foundation\Http\Kernel->handle(Object(Illuminate\Http\Request))
#45 {main}  
[2017-09-13 16:02:53] production.ERROR: InvalidArgumentException: View [show14] not found. in /Applications/MAMP/htdocs/baoo/vendor/laravel/framework/src/Illuminate/View/FileViewFinder.php:140
Stack trace:
#0 /Applications/MAMP/htdocs/baoo/vendor/laravel/framework/src/Illuminate/View/FileViewFinder.php(77): Illuminate\View\FileViewFinder->findInPaths('show14', Array)
#1 /Applications/MAMP/htdocs/baoo/vendor/laravel/framework/src/Illuminate/View/Factory.php(145): Illuminate\View\FileViewFinder->find('show14')
#2 /Applications/MAMP/htdocs/baoo/vendor/laravel/framework/src/Illuminate/Foundation/helpers.php(592): Illuminate\View\Factory->make('show14', Array, Array)
#3 /Applications/MAMP/htdocs/baoo/app/Http/Controllers/IndexController.php(254): view('show14', Array)
#4 [internal function]: App\Http\Controllers\IndexController->show14()
#5 /Applications/MAMP/htdocs/baoo/vendor/laravel/framework/src/Illuminate/Routing/Controller.php(246): call_user_func_array(Array, Array)
#6 /Applications/MAMP/htdocs/baoo/vendor/laravel/framework/src/Illuminate/Routing/ControllerDispatcher.php(162): Illuminate\Routing\Controller->callAction('show14', Array)
#7 /Applications/MAMP/htdocs/baoo/vendor/laravel/framework/src/Illuminate/Routing/ControllerDispatcher.php(107): Illuminate\Routing\ControllerDispatcher->call(Object(App\Http\Controllers\IndexController), Object(Illuminate\Routing\Route), 'show14')
#8 [internal function]: Illuminate\Routing\ControllerDispatcher->Illuminate\Routing\{closure}(Object(Illuminate\Http\Request))
#9 /Applications/MAMP/htdocs/baoo/vendor/laravel/framework/src/Illuminate/Pipeline/Pipeline.php(141): call_user_func(Object(Closure), Object(Illuminate\Http\Request))
#10 [internal function]: Illuminate\Pipeline\Pipeline->Illuminate\Pipeline\{closure}(Object(Illuminate\Http\Request))
#11 /Applications/MAMP/htdocs/baoo/vendor/laravel/framework/src/Illuminate/Pipeline/Pipeline.php(100): call_user_func(Object(Closure), Object(Illuminate\Http\Request))
#12 /Applications/MAMP/htdocs/baoo/vendor/laravel/framework/src/Illuminate/Routing/ControllerDispatcher.php(108): Illuminate\Pipeline\Pipeline->then(Object(Closure))
#13 /Applications/MAMP/htdocs/baoo/vendor/laravel/framework/src/Illuminate/Routing/ControllerDispatcher.php(66): Illuminate\Routing\ControllerDispatcher->callWithinStack(Object(App\Http\Controllers\IndexController), Object(Illuminate\Routing\Route), Object(Illuminate\Http\Request), 'show14')
#14 /Applications/MAMP/htdocs/baoo/vendor/laravel/framework/src/Illuminate/Routing/Route.php(204): Illuminate\Routing\ControllerDispatcher->dispatch(Object(Illuminate\Routing\Route), Object(Illuminate\Http\Request), 'App\\Http\\Contro...', 'show14')
#15 /Applications/MAMP/htdocs/baoo/vendor/laravel/framework/src/Illuminate/Routing/Route.php(134): Illuminate\Routing\Route->runWithCustomDispatcher(Object(Illuminate\Http\Request))
#16 /Applications/MAMP/htdocs/baoo/vendor/laravel/framework/src/Illuminate/Routing/Router.php(701): Illuminate\Routing\Route->run(Object(Illuminate\Http\Request))
#17 [internal function]: Illuminate\Routing\Router->Illuminate\Routing\{closure}(Object(Illuminate\Http\Request))
#18 /Applications/MAMP/htdocs/baoo/vendor/laravel/framework/src/Illuminate/Pipeline/Pipeline.php(141): call_user_func(Object(Closure), Object(Illuminate\Http\Request))
#19 /Applications/MAMP/htdocs/baoo/vendor/laravel/framework/src/Illuminate/Foundation/Http/Middleware/VerifyCsrfToken.php(43): Illuminate\Pipeline\Pipeline->Illuminate\Pipeline\{closure}(Object(Illuminate\Http\Request))
#20 /Applications/MAMP/htdocs/baoo/app/Http/Middleware/VerifyCsrfToken.php(17): Illuminate\Foundation\Http\Middleware\VerifyCsrfToken->handle(Object(Illuminate\Http\Request), Object(Closure))
#21 /Applications/MAMP/htdocs/baoo/vendor/laravel/framework/src/Illuminate/Pipeline/Pipeline.php(125): App\Http\Middleware\VerifyCsrfToken->handle(Object(Illuminate\Http\Request), Object(Closure))
#22 [internal function]: Illuminate\Pipeline\Pipeline->Illuminate\Pipeline\{closure}(Object(Illuminate\Http\Request))
#23 /Applications/MAMP/htdocs/baoo/vendor/laravel/framework/src/Illuminate/Pipeline/Pipeline.php(100): call_user_func(Object(Closure), Object(Illuminate\Http\Request))
#24 /Applications/MAMP/htdocs/baoo/vendor/laravel/framework/src/Illuminate/Routing/Router.php(703): Illuminate\Pipeline\Pipeline->then(Object(Closure))
#25 /Applications/MAMP/htdocs/baoo/vendor/laravel/framework/src/Illuminate/Routing/Router.php(669): Illuminate\Routing\Router->runRouteWithinStack(Object(Illuminate\Routing\Route), Object(Illuminate\Http\Request))
#26 /Applications/MAMP/htdocs/baoo/vendor/laravel/framework/src/Illuminate/Routing/Router.php(628): Illuminate\Routing\Router->dispatchToRoute(Object(Illuminate\Http\Request))
#27 /Applications/MAMP/htdocs/baoo/vendor/laravel/framework/src/Illuminate/Foundation/Http/Kernel.php(214): Illuminate\Routing\Router->dispatch(Object(Illuminate\Http\Request))
#28 [internal function]: Illuminate\Foundation\Http\Kernel->Illuminate\Foundation\Http\{closure}(Object(Illuminate\Http\Request))
#29 /Applications/MAMP/htdocs/baoo/vendor/laravel/framework/src/Illuminate/Pipeline/Pipeline.php(141): call_user_func(Object(Closure), Object(Illuminate\Http\Request))
#30 /Applications/MAMP/htdocs/baoo/vendor/laravel/framework/src/Illuminate/View/Middleware/ShareErrorsFromSession.php(55): Illuminate\Pipeline\Pipeline->Illuminate\Pipeline\{closure}(Object(Illuminate\Http\Request))
#31 /Applications/MAMP/htdocs/baoo/vendor/laravel/framework/src/Illuminate/Pipeline/Pipeline.php(125): Illuminate\View\Middleware\ShareErrorsFromSession->handle(Object(Illuminate\Http\Request), Object(Closure))
#32 /Applications/MAMP/htdocs/baoo/vendor/laravel/framework/src/Illuminate/Session/Middleware/StartSession.php(61): Illuminate\Pipeline\Pipeline->Illuminate\Pipeline\{closure}(Object(Illuminate\Http\Request))
#33 /Applications/MAMP/htdocs/baoo/vendor/laravel/framework/src/Illuminate/Pipeline/Pipeline.php(125): Illuminate\Session\Middleware\StartSession->handle(Object(Illuminate\Http\Request), Object(Closure))
#34 /Applications/MAMP/htdocs/baoo/vendor/laravel/framework/src/Illuminate/Cookie/Middleware/AddQueuedCookiesToResponse.php(36): Illuminate\Pipeline\Pipeline->Illuminate\Pipeline\{closure}(Object(Illuminate\Http\Request))
#35 /Applications/MAMP/htdocs/baoo/vendor/laravel/framework/src/Illuminate/Pipeline/Pipeline.php(125): Illuminate\Cookie\Middleware\AddQueuedCookiesToResponse->handle(Object(Illuminate\Http\Request), Object(Closure))
#36 /Applications/MAMP/htdocs/baoo/vendor/laravel/framework/src/Illuminate/Cookie/Middleware/EncryptCookies.php(40): Illuminate\Pipeline\Pipeline->Illuminate\Pipeline\{closure}(Object(Illuminate\Http\Request))
#37 /Applications/MAMP/htdocs/baoo/vendor/laravel/framework/src/Illuminate/Pipeline/Pipeline.php(125): Illuminate\Cookie\Middleware\EncryptCookies->handle(Object(Illuminate\Http\Request), Object(Closure))
#38 /Applications/MAMP/htdocs/baoo/vendor/laravel/framework/src/Illuminate/Foundation/Http/Middleware/CheckForMaintenanceMode.php(42): Illuminate\Pipeline\Pipeline->Illuminate\Pipeline\{closure}(Object(Illuminate\Http\Request))
#39 /Applications/MAMP/htdocs/baoo/vendor/laravel/framework/src/Illuminate/Pipeline/Pipeline.php(125): Illuminate\Foundation\Http\Middleware\CheckForMaintenanceMode->handle(Object(Illuminate\Http\Request), Object(Closure))
#40 [internal function]: Illuminate\Pipeline\Pipeline->Illuminate\Pipeline\{closure}(Object(Illuminate\Http\Request))
#41 /Applications/MAMP/htdocs/baoo/vendor/laravel/framework/src/Illuminate/Pipeline/Pipeline.php(100): call_user_func(Object(Closure), Object(Illuminate\Http\Request))
#42 /Applications/MAMP/htdocs/baoo/vendor/laravel/framework/src/Illuminate/Foundation/Http/Kernel.php(115): Illuminate\Pipeline\Pipeline->then(Object(Closure))
#43 /Applications/MAMP/htdocs/baoo/vendor/laravel/framework/src/Illuminate/Foundation/Http/Kernel.php(84): Illuminate\Foundation\Http\Kernel->sendRequestThroughRouter(Object(Illuminate\Http\Request))
#44 /Applications/MAMP/htdocs/baoo/public/index.php(52): Illuminate\Foundation\Http\Kernel->handle(Object(Illuminate\Http\Request))
#45 {main}  
[2017-09-13 16:07:45] production.ERROR: InvalidArgumentException: View [show17] not found. in /Applications/MAMP/htdocs/baoo/vendor/laravel/framework/src/Illuminate/View/FileViewFinder.php:140
Stack trace:
#0 /Applications/MAMP/htdocs/baoo/vendor/laravel/framework/src/Illuminate/View/FileViewFinder.php(77): Illuminate\View\FileViewFinder->findInPaths('show17', Array)
#1 /Applications/MAMP/htdocs/baoo/vendor/laravel/framework/src/Illuminate/View/Factory.php(145): Illuminate\View\FileViewFinder->find('show17')
#2 /Applications/MAMP/htdocs/baoo/vendor/laravel/framework/src/Illuminate/Foundation/helpers.php(592): Illuminate\View\Factory->make('show17', Array, Array)
#3 /Applications/MAMP/htdocs/baoo/app/Http/Controllers/IndexController.php(272): view('show17', Array)
#4 [internal function]: App\Http\Controllers\IndexController->show17()
#5 /Applications/MAMP/htdocs/baoo/vendor/laravel/framework/src/Illuminate/Routing/Controller.php(246): call_user_func_array(Array, Array)
#6 /Applications/MAMP/htdocs/baoo/vendor/laravel/framework/src/Illuminate/Routing/ControllerDispatcher.php(162): Illuminate\Routing\Controller->callAction('show17', Array)
#7 /Applications/MAMP/htdocs/baoo/vendor/laravel/framework/src/Illuminate/Routing/ControllerDispatcher.php(107): Illuminate\Routing\ControllerDispatcher->call(Object(App\Http\Controllers\IndexController), Object(Illuminate\Routing\Route), 'show17')
#8 [internal function]: Illuminate\Routing\ControllerDispatcher->Illuminate\Routing\{closure}(Object(Illuminate\Http\Request))
#9 /Applications/MAMP/htdocs/baoo/vendor/laravel/framework/src/Illuminate/Pipeline/Pipeline.php(141): call_user_func(Object(Closure), Object(Illuminate\Http\Request))
#10 [internal function]: Illuminate\Pipeline\Pipeline->Illuminate\Pipeline\{closure}(Object(Illuminate\Http\Request))
#11 /Applications/MAMP/htdocs/baoo/vendor/laravel/framework/src/Illuminate/Pipeline/Pipeline.php(100): call_user_func(Object(Closure), Object(Illuminate\Http\Request))
#12 /Applications/MAMP/htdocs/baoo/vendor/laravel/framework/src/Illuminate/Routing/ControllerDispatcher.php(108): Illuminate\Pipeline\Pipeline->then(Object(Closure))
#13 /Applications/MAMP/htdocs/baoo/vendor/laravel/framework/src/Illuminate/Routing/ControllerDispatcher.php(66): Illuminate\Routing\ControllerDispatcher->callWithinStack(Object(App\Http\Controllers\IndexController), Object(Illuminate\Routing\Route), Object(Illuminate\Http\Request), 'show17')
#14 /Applications/MAMP/htdocs/baoo/vendor/laravel/framework/src/Illuminate/Routing/Route.php(204): Illuminate\Routing\ControllerDispatcher->dispatch(Object(Illuminate\Routing\Route), Object(Illuminate\Http\Request), 'App\\Http\\Contro...', 'show17')
#15 /Applications/MAMP/htdocs/baoo/vendor/laravel/framework/src/Illuminate/Routing/Route.php(134): Illuminate\Routing\Route->runWithCustomDispatcher(Object(Illuminate\Http\Request))
#16 /Applications/MAMP/htdocs/baoo/vendor/laravel/framework/src/Illuminate/Routing/Router.php(701): Illuminate\Routing\Route->run(Object(Illuminate\Http\Request))
#17 [internal function]: Illuminate\Routing\Router->Illuminate\Routing\{closure}(Object(Illuminate\Http\Request))
#18 /Applications/MAMP/htdocs/baoo/vendor/laravel/framework/src/Illuminate/Pipeline/Pipeline.php(141): call_user_func(Object(Closure), Object(Illuminate\Http\Request))
#19 /Applications/MAMP/htdocs/baoo/vendor/laravel/framework/src/Illuminate/Foundation/Http/Middleware/VerifyCsrfToken.php(43): Illuminate\Pipeline\Pipeline->Illuminate\Pipeline\{closure}(Object(Illuminate\Http\Request))
#20 /Applications/MAMP/htdocs/baoo/app/Http/Middleware/VerifyCsrfToken.php(17): Illuminate\Foundation\Http\Middleware\VerifyCsrfToken->handle(Object(Illuminate\Http\Request), Object(Closure))
#21 /Applications/MAMP/htdocs/baoo/vendor/laravel/framework/src/Illuminate/Pipeline/Pipeline.php(125): App\Http\Middleware\VerifyCsrfToken->handle(Object(Illuminate\Http\Request), Object(Closure))
#22 [internal function]: Illuminate\Pipeline\Pipeline->Illuminate\Pipeline\{closure}(Object(Illuminate\Http\Request))
#23 /Applications/MAMP/htdocs/baoo/vendor/laravel/framework/src/Illuminate/Pipeline/Pipeline.php(100): call_user_func(Object(Closure), Object(Illuminate\Http\Request))
#24 /Applications/MAMP/htdocs/baoo/vendor/laravel/framework/src/Illuminate/Routing/Router.php(703): Illuminate\Pipeline\Pipeline->then(Object(Closure))
#25 /Applications/MAMP/htdocs/baoo/vendor/laravel/framework/src/Illuminate/Routing/Router.php(669): Illuminate\Routing\Router->runRouteWithinStack(Object(Illuminate\Routing\Route), Object(Illuminate\Http\Request))
#26 /Applications/MAMP/htdocs/baoo/vendor/laravel/framework/src/Illuminate/Routing/Router.php(628): Illuminate\Routing\Router->dispatchToRoute(Object(Illuminate\Http\Request))
#27 /Applications/MAMP/htdocs/baoo/vendor/laravel/framework/src/Illuminate/Foundation/Http/Kernel.php(214): Illuminate\Routing\Router->dispatch(Object(Illuminate\Http\Request))
#28 [internal function]: Illuminate\Foundation\Http\Kernel->Illuminate\Foundation\Http\{closure}(Object(Illuminate\Http\Request))
#29 /Applications/MAMP/htdocs/baoo/vendor/laravel/framework/src/Illuminate/Pipeline/Pipeline.php(141): call_user_func(Object(Closure), Object(Illuminate\Http\Request))
#30 /Applications/MAMP/htdocs/baoo/vendor/laravel/framework/src/Illuminate/View/Middleware/ShareErrorsFromSession.php(55): Illuminate\Pipeline\Pipeline->Illuminate\Pipeline\{closure}(Object(Illuminate\Http\Request))
#31 /Applications/MAMP/htdocs/baoo/vendor/laravel/framework/src/Illuminate/Pipeline/Pipeline.php(125): Illuminate\View\Middleware\ShareErrorsFromSession->handle(Object(Illuminate\Http\Request), Object(Closure))
#32 /Applications/MAMP/htdocs/baoo/vendor/laravel/framework/src/Illuminate/Session/Middleware/StartSession.php(61): Illuminate\Pipeline\Pipeline->Illuminate\Pipeline\{closure}(Object(Illuminate\Http\Request))
#33 /Applications/MAMP/htdocs/baoo/vendor/laravel/framework/src/Illuminate/Pipeline/Pipeline.php(125): Illuminate\Session\Middleware\StartSession->handle(Object(Illuminate\Http\Request), Object(Closure))
#34 /Applications/MAMP/htdocs/baoo/vendor/laravel/framework/src/Illuminate/Cookie/Middleware/AddQueuedCookiesToResponse.php(36): Illuminate\Pipeline\Pipeline->Illuminate\Pipeline\{closure}(Object(Illuminate\Http\Request))
#35 /Applications/MAMP/htdocs/baoo/vendor/laravel/framework/src/Illuminate/Pipeline/Pipeline.php(125): Illuminate\Cookie\Middleware\AddQueuedCookiesToResponse->handle(Object(Illuminate\Http\Request), Object(Closure))
#36 /Applications/MAMP/htdocs/baoo/vendor/laravel/framework/src/Illuminate/Cookie/Middleware/EncryptCookies.php(40): Illuminate\Pipeline\Pipeline->Illuminate\Pipeline\{closure}(Object(Illuminate\Http\Request))
#37 /Applications/MAMP/htdocs/baoo/vendor/laravel/framework/src/Illuminate/Pipeline/Pipeline.php(125): Illuminate\Cookie\Middleware\EncryptCookies->handle(Object(Illuminate\Http\Request), Object(Closure))
#38 /Applications/MAMP/htdocs/baoo/vendor/laravel/framework/src/Illuminate/Foundation/Http/Middleware/CheckForMaintenanceMode.php(42): Illuminate\Pipeline\Pipeline->Illuminate\Pipeline\{closure}(Object(Illuminate\Http\Request))
#39 /Applications/MAMP/htdocs/baoo/vendor/laravel/framework/src/Illuminate/Pipeline/Pipeline.php(125): Illuminate\Foundation\Http\Middleware\CheckForMaintenanceMode->handle(Object(Illuminate\Http\Request), Object(Closure))
#40 [internal function]: Illuminate\Pipeline\Pipeline->Illuminate\Pipeline\{closure}(Object(Illuminate\Http\Request))
#41 /Applications/MAMP/htdocs/baoo/vendor/laravel/framework/src/Illuminate/Pipeline/Pipeline.php(100): call_user_func(Object(Closure), Object(Illuminate\Http\Request))
#42 /Applications/MAMP/htdocs/baoo/vendor/laravel/framework/src/Illuminate/Foundation/Http/Kernel.php(115): Illuminate\Pipeline\Pipeline->then(Object(Closure))
#43 /Applications/MAMP/htdocs/baoo/vendor/laravel/framework/src/Illuminate/Foundation/Http/Kernel.php(84): Illuminate\Foundation\Http\Kernel->sendRequestThroughRouter(Object(Illuminate\Http\Request))
#44 /Applications/MAMP/htdocs/baoo/public/index.php(52): Illuminate\Foundation\Http\Kernel->handle(Object(Illuminate\Http\Request))
#45 {main}  
[2017-09-13 16:35:18] production.ERROR: InvalidArgumentException: View [show19] not found. in /Applications/MAMP/htdocs/baoo/vendor/laravel/framework/src/Illuminate/View/FileViewFinder.php:140
Stack trace:
#0 /Applications/MAMP/htdocs/baoo/vendor/laravel/framework/src/Illuminate/View/FileViewFinder.php(77): Illuminate\View\FileViewFinder->findInPaths('show19', Array)
#1 /Applications/MAMP/htdocs/baoo/vendor/laravel/framework/src/Illuminate/View/Factory.php(145): Illuminate\View\FileViewFinder->find('show19')
#2 /Applications/MAMP/htdocs/baoo/vendor/laravel/framework/src/Illuminate/Foundation/helpers.php(592): Illuminate\View\Factory->make('show19', Array, Array)
#3 /Applications/MAMP/htdocs/baoo/app/Http/Controllers/IndexController.php(284): view('show19', Array)
#4 [internal function]: App\Http\Controllers\IndexController->show19()
#5 /Applications/MAMP/htdocs/baoo/vendor/laravel/framework/src/Illuminate/Routing/Controller.php(246): call_user_func_array(Array, Array)
#6 /Applications/MAMP/htdocs/baoo/vendor/laravel/framework/src/Illuminate/Routing/ControllerDispatcher.php(162): Illuminate\Routing\Controller->callAction('show19', Array)
#7 /Applications/MAMP/htdocs/baoo/vendor/laravel/framework/src/Illuminate/Routing/ControllerDispatcher.php(107): Illuminate\Routing\ControllerDispatcher->call(Object(App\Http\Controllers\IndexController), Object(Illuminate\Routing\Route), 'show19')
#8 [internal function]: Illuminate\Routing\ControllerDispatcher->Illuminate\Routing\{closure}(Object(Illuminate\Http\Request))
#9 /Applications/MAMP/htdocs/baoo/vendor/laravel/framework/src/Illuminate/Pipeline/Pipeline.php(141): call_user_func(Object(Closure), Object(Illuminate\Http\Request))
#10 [internal function]: Illuminate\Pipeline\Pipeline->Illuminate\Pipeline\{closure}(Object(Illuminate\Http\Request))
#11 /Applications/MAMP/htdocs/baoo/vendor/laravel/framework/src/Illuminate/Pipeline/Pipeline.php(100): call_user_func(Object(Closure), Object(Illuminate\Http\Request))
#12 /Applications/MAMP/htdocs/baoo/vendor/laravel/framework/src/Illuminate/Routing/ControllerDispatcher.php(108): Illuminate\Pipeline\Pipeline->then(Object(Closure))
#13 /Applications/MAMP/htdocs/baoo/vendor/laravel/framework/src/Illuminate/Routing/ControllerDispatcher.php(66): Illuminate\Routing\ControllerDispatcher->callWithinStack(Object(App\Http\Controllers\IndexController), Object(Illuminate\Routing\Route), Object(Illuminate\Http\Request), 'show19')
#14 /Applications/MAMP/htdocs/baoo/vendor/laravel/framework/src/Illuminate/Routing/Route.php(204): Illuminate\Routing\ControllerDispatcher->dispatch(Object(Illuminate\Routing\Route), Object(Illuminate\Http\Request), 'App\\Http\\Contro...', 'show19')
#15 /Applications/MAMP/htdocs/baoo/vendor/laravel/framework/src/Illuminate/Routing/Route.php(134): Illuminate\Routing\Route->runWithCustomDispatcher(Object(Illuminate\Http\Request))
#16 /Applications/MAMP/htdocs/baoo/vendor/laravel/framework/src/Illuminate/Routing/Router.php(701): Illuminate\Routing\Route->run(Object(Illuminate\Http\Request))
#17 [internal function]: Illuminate\Routing\Router->Illuminate\Routing\{closure}(Object(Illuminate\Http\Request))
#18 /Applications/MAMP/htdocs/baoo/vendor/laravel/framework/src/Illuminate/Pipeline/Pipeline.php(141): call_user_func(Object(Closure), Object(Illuminate\Http\Request))
#19 /Applications/MAMP/htdocs/baoo/vendor/laravel/framework/src/Illuminate/Foundation/Http/Middleware/VerifyCsrfToken.php(43): Illuminate\Pipeline\Pipeline->Illuminate\Pipeline\{closure}(Object(Illuminate\Http\Request))
#20 /Applications/MAMP/htdocs/baoo/app/Http/Middleware/VerifyCsrfToken.php(17): Illuminate\Foundation\Http\Middleware\VerifyCsrfToken->handle(Object(Illuminate\Http\Request), Object(Closure))
#21 /Applications/MAMP/htdocs/baoo/vendor/laravel/framework/src/Illuminate/Pipeline/Pipeline.php(125): App\Http\Middleware\VerifyCsrfToken->handle(Object(Illuminate\Http\Request), Object(Closure))
#22 [internal function]: Illuminate\Pipeline\Pipeline->Illuminate\Pipeline\{closure}(Object(Illuminate\Http\Request))
#23 /Applications/MAMP/htdocs/baoo/vendor/laravel/framework/src/Illuminate/Pipeline/Pipeline.php(100): call_user_func(Object(Closure), Object(Illuminate\Http\Request))
#24 /Applications/MAMP/htdocs/baoo/vendor/laravel/framework/src/Illuminate/Routing/Router.php(703): Illuminate\Pipeline\Pipeline->then(Object(Closure))
#25 /Applications/MAMP/htdocs/baoo/vendor/laravel/framework/src/Illuminate/Routing/Router.php(669): Illuminate\Routing\Router->runRouteWithinStack(Object(Illuminate\Routing\Route), Object(Illuminate\Http\Request))
#26 /Applications/MAMP/htdocs/baoo/vendor/laravel/framework/src/Illuminate/Routing/Router.php(628): Illuminate\Routing\Router->dispatchToRoute(Object(Illuminate\Http\Request))
#27 /Applications/MAMP/htdocs/baoo/vendor/laravel/framework/src/Illuminate/Foundation/Http/Kernel.php(214): Illuminate\Routing\Router->dispatch(Object(Illuminate\Http\Request))
#28 [internal function]: Illuminate\Foundation\Http\Kernel->Illuminate\Foundation\Http\{closure}(Object(Illuminate\Http\Request))
#29 /Applications/MAMP/htdocs/baoo/vendor/laravel/framework/src/Illuminate/Pipeline/Pipeline.php(141): call_user_func(Object(Closure), Object(Illuminate\Http\Request))
#30 /Applications/MAMP/htdocs/baoo/vendor/laravel/framework/src/Illuminate/View/Middleware/ShareErrorsFromSession.php(55): Illuminate\Pipeline\Pipeline->Illuminate\Pipeline\{closure}(Object(Illuminate\Http\Request))
#31 /Applications/MAMP/htdocs/baoo/vendor/laravel/framework/src/Illuminate/Pipeline/Pipeline.php(125): Illuminate\View\Middleware\ShareErrorsFromSession->handle(Object(Illuminate\Http\Request), Object(Closure))
#32 /Applications/MAMP/htdocs/baoo/vendor/laravel/framework/src/Illuminate/Session/Middleware/StartSession.php(61): Illuminate\Pipeline\Pipeline->Illuminate\Pipeline\{closure}(Object(Illuminate\Http\Request))
#33 /Applications/MAMP/htdocs/baoo/vendor/laravel/framework/src/Illuminate/Pipeline/Pipeline.php(125): Illuminate\Session\Middleware\StartSession->handle(Object(Illuminate\Http\Request), Object(Closure))
#34 /Applications/MAMP/htdocs/baoo/vendor/laravel/framework/src/Illuminate/Cookie/Middleware/AddQueuedCookiesToResponse.php(36): Illuminate\Pipeline\Pipeline->Illuminate\Pipeline\{closure}(Object(Illuminate\Http\Request))
#35 /Applications/MAMP/htdocs/baoo/vendor/laravel/framework/src/Illuminate/Pipeline/Pipeline.php(125): Illuminate\Cookie\Middleware\AddQueuedCookiesToResponse->handle(Object(Illuminate\Http\Request), Object(Closure))
#36 /Applications/MAMP/htdocs/baoo/vendor/laravel/framework/src/Illuminate/Cookie/Middleware/EncryptCookies.php(40): Illuminate\Pipeline\Pipeline->Illuminate\Pipeline\{closure}(Object(Illuminate\Http\Request))
#37 /Applications/MAMP/htdocs/baoo/vendor/laravel/framework/src/Illuminate/Pipeline/Pipeline.php(125): Illuminate\Cookie\Middleware\EncryptCookies->handle(Object(Illuminate\Http\Request), Object(Closure))
#38 /Applications/MAMP/htdocs/baoo/vendor/laravel/framework/src/Illuminate/Foundation/Http/Middleware/CheckForMaintenanceMode.php(42): Illuminate\Pipeline\Pipeline->Illuminate\Pipeline\{closure}(Object(Illuminate\Http\Request))
#39 /Applications/MAMP/htdocs/baoo/vendor/laravel/framework/src/Illuminate/Pipeline/Pipeline.php(125): Illuminate\Foundation\Http\Middleware\CheckForMaintenanceMode->handle(Object(Illuminate\Http\Request), Object(Closure))
#40 [internal function]: Illuminate\Pipeline\Pipeline->Illuminate\Pipeline\{closure}(Object(Illuminate\Http\Request))
#41 /Applications/MAMP/htdocs/baoo/vendor/laravel/framework/src/Illuminate/Pipeline/Pipeline.php(100): call_user_func(Object(Closure), Object(Illuminate\Http\Request))
#42 /Applications/MAMP/htdocs/baoo/vendor/laravel/framework/src/Illuminate/Foundation/Http/Kernel.php(115): Illuminate\Pipeline\Pipeline->then(Object(Closure))
#43 /Applications/MAMP/htdocs/baoo/vendor/laravel/framework/src/Illuminate/Foundation/Http/Kernel.php(84): Illuminate\Foundation\Http\Kernel->sendRequestThroughRouter(Object(Illuminate\Http\Request))
#44 /Applications/MAMP/htdocs/baoo/public/index.php(52): Illuminate\Foundation\Http\Kernel->handle(Object(Illuminate\Http\Request))
#45 {main}  
[2017-09-13 16:48:59] production.ERROR: InvalidArgumentException: View [show20] not found. in /Applications/MAMP/htdocs/baoo/vendor/laravel/framework/src/Illuminate/View/FileViewFinder.php:140
Stack trace:
#0 /Applications/MAMP/htdocs/baoo/vendor/laravel/framework/src/Illuminate/View/FileViewFinder.php(77): Illuminate\View\FileViewFinder->findInPaths('show20', Array)
#1 /Applications/MAMP/htdocs/baoo/vendor/laravel/framework/src/Illuminate/View/Factory.php(145): Illuminate\View\FileViewFinder->find('show20')
#2 /Applications/MAMP/htdocs/baoo/vendor/laravel/framework/src/Illuminate/Foundation/helpers.php(592): Illuminate\View\Factory->make('show20', Array, Array)
#3 /Applications/MAMP/htdocs/baoo/app/Http/Controllers/IndexController.php(290): view('show20', Array)
#4 [internal function]: App\Http\Controllers\IndexController->show20()
#5 /Applications/MAMP/htdocs/baoo/vendor/laravel/framework/src/Illuminate/Routing/Controller.php(246): call_user_func_array(Array, Array)
#6 /Applications/MAMP/htdocs/baoo/vendor/laravel/framework/src/Illuminate/Routing/ControllerDispatcher.php(162): Illuminate\Routing\Controller->callAction('show20', Array)
#7 /Applications/MAMP/htdocs/baoo/vendor/laravel/framework/src/Illuminate/Routing/ControllerDispatcher.php(107): Illuminate\Routing\ControllerDispatcher->call(Object(App\Http\Controllers\IndexController), Object(Illuminate\Routing\Route), 'show20')
#8 [internal function]: Illuminate\Routing\ControllerDispatcher->Illuminate\Routing\{closure}(Object(Illuminate\Http\Request))
#9 /Applications/MAMP/htdocs/baoo/vendor/laravel/framework/src/Illuminate/Pipeline/Pipeline.php(141): call_user_func(Object(Closure), Object(Illuminate\Http\Request))
#10 [internal function]: Illuminate\Pipeline\Pipeline->Illuminate\Pipeline\{closure}(Object(Illuminate\Http\Request))
#11 /Applications/MAMP/htdocs/baoo/vendor/laravel/framework/src/Illuminate/Pipeline/Pipeline.php(100): call_user_func(Object(Closure), Object(Illuminate\Http\Request))
#12 /Applications/MAMP/htdocs/baoo/vendor/laravel/framework/src/Illuminate/Routing/ControllerDispatcher.php(108): Illuminate\Pipeline\Pipeline->then(Object(Closure))
#13 /Applications/MAMP/htdocs/baoo/vendor/laravel/framework/src/Illuminate/Routing/ControllerDispatcher.php(66): Illuminate\Routing\ControllerDispatcher->callWithinStack(Object(App\Http\Controllers\IndexController), Object(Illuminate\Routing\Route), Object(Illuminate\Http\Request), 'show20')
#14 /Applications/MAMP/htdocs/baoo/vendor/laravel/framework/src/Illuminate/Routing/Route.php(204): Illuminate\Routing\ControllerDispatcher->dispatch(Object(Illuminate\Routing\Route), Object(Illuminate\Http\Request), 'App\\Http\\Contro...', 'show20')
#15 /Applications/MAMP/htdocs/baoo/vendor/laravel/framework/src/Illuminate/Routing/Route.php(134): Illuminate\Routing\Route->runWithCustomDispatcher(Object(Illuminate\Http\Request))
#16 /Applications/MAMP/htdocs/baoo/vendor/laravel/framework/src/Illuminate/Routing/Router.php(701): Illuminate\Routing\Route->run(Object(Illuminate\Http\Request))
#17 [internal function]: Illuminate\Routing\Router->Illuminate\Routing\{closure}(Object(Illuminate\Http\Request))
#18 /Applications/MAMP/htdocs/baoo/vendor/laravel/framework/src/Illuminate/Pipeline/Pipeline.php(141): call_user_func(Object(Closure), Object(Illuminate\Http\Request))
#19 /Applications/MAMP/htdocs/baoo/vendor/laravel/framework/src/Illuminate/Foundation/Http/Middleware/VerifyCsrfToken.php(43): Illuminate\Pipeline\Pipeline->Illuminate\Pipeline\{closure}(Object(Illuminate\Http\Request))
#20 /Applications/MAMP/htdocs/baoo/app/Http/Middleware/VerifyCsrfToken.php(17): Illuminate\Foundation\Http\Middleware\VerifyCsrfToken->handle(Object(Illuminate\Http\Request), Object(Closure))
#21 /Applications/MAMP/htdocs/baoo/vendor/laravel/framework/src/Illuminate/Pipeline/Pipeline.php(125): App\Http\Middleware\VerifyCsrfToken->handle(Object(Illuminate\Http\Request), Object(Closure))
#22 [internal function]: Illuminate\Pipeline\Pipeline->Illuminate\Pipeline\{closure}(Object(Illuminate\Http\Request))
#23 /Applications/MAMP/htdocs/baoo/vendor/laravel/framework/src/Illuminate/Pipeline/Pipeline.php(100): call_user_func(Object(Closure), Object(Illuminate\Http\Request))
#24 /Applications/MAMP/htdocs/baoo/vendor/laravel/framework/src/Illuminate/Routing/Router.php(703): Illuminate\Pipeline\Pipeline->then(Object(Closure))
#25 /Applications/MAMP/htdocs/baoo/vendor/laravel/framework/src/Illuminate/Routing/Router.php(669): Illuminate\Routing\Router->runRouteWithinStack(Object(Illuminate\Routing\Route), Object(Illuminate\Http\Request))
#26 /Applications/MAMP/htdocs/baoo/vendor/laravel/framework/src/Illuminate/Routing/Router.php(628): Illuminate\Routing\Router->dispatchToRoute(Object(Illuminate\Http\Request))
#27 /Applications/MAMP/htdocs/baoo/vendor/laravel/framework/src/Illuminate/Foundation/Http/Kernel.php(214): Illuminate\Routing\Router->dispatch(Object(Illuminate\Http\Request))
#28 [internal function]: Illuminate\Foundation\Http\Kernel->Illuminate\Foundation\Http\{closure}(Object(Illuminate\Http\Request))
#29 /Applications/MAMP/htdocs/baoo/vendor/laravel/framework/src/Illuminate/Pipeline/Pipeline.php(141): call_user_func(Object(Closure), Object(Illuminate\Http\Request))
#30 /Applications/MAMP/htdocs/baoo/vendor/laravel/framework/src/Illuminate/View/Middleware/ShareErrorsFromSession.php(55): Illuminate\Pipeline\Pipeline->Illuminate\Pipeline\{closure}(Object(Illuminate\Http\Request))
#31 /Applications/MAMP/htdocs/baoo/vendor/laravel/framework/src/Illuminate/Pipeline/Pipeline.php(125): Illuminate\View\Middleware\ShareErrorsFromSession->handle(Object(Illuminate\Http\Request), Object(Closure))
#32 /Applications/MAMP/htdocs/baoo/vendor/laravel/framework/src/Illuminate/Session/Middleware/StartSession.php(61): Illuminate\Pipeline\Pipeline->Illuminate\Pipeline\{closure}(Object(Illuminate\Http\Request))
#33 /Applications/MAMP/htdocs/baoo/vendor/laravel/framework/src/Illuminate/Pipeline/Pipeline.php(125): Illuminate\Session\Middleware\StartSession->handle(Object(Illuminate\Http\Request), Object(Closure))
#34 /Applications/MAMP/htdocs/baoo/vendor/laravel/framework/src/Illuminate/Cookie/Middleware/AddQueuedCookiesToResponse.php(36): Illuminate\Pipeline\Pipeline->Illuminate\Pipeline\{closure}(Object(Illuminate\Http\Request))
#35 /Applications/MAMP/htdocs/baoo/vendor/laravel/framework/src/Illuminate/Pipeline/Pipeline.php(125): Illuminate\Cookie\Middleware\AddQueuedCookiesToResponse->handle(Object(Illuminate\Http\Request), Object(Closure))
#36 /Applications/MAMP/htdocs/baoo/vendor/laravel/framework/src/Illuminate/Cookie/Middleware/EncryptCookies.php(40): Illuminate\Pipeline\Pipeline->Illuminate\Pipeline\{closure}(Object(Illuminate\Http\Request))
#37 /Applications/MAMP/htdocs/baoo/vendor/laravel/framework/src/Illuminate/Pipeline/Pipeline.php(125): Illuminate\Cookie\Middleware\EncryptCookies->handle(Object(Illuminate\Http\Request), Object(Closure))
#38 /Applications/MAMP/htdocs/baoo/vendor/laravel/framework/src/Illuminate/Foundation/Http/Middleware/CheckForMaintenanceMode.php(42): Illuminate\Pipeline\Pipeline->Illuminate\Pipeline\{closure}(Object(Illuminate\Http\Request))
#39 /Applications/MAMP/htdocs/baoo/vendor/laravel/framework/src/Illuminate/Pipeline/Pipeline.php(125): Illuminate\Foundation\Http\Middleware\CheckForMaintenanceMode->handle(Object(Illuminate\Http\Request), Object(Closure))
#40 [internal function]: Illuminate\Pipeline\Pipeline->Illuminate\Pipeline\{closure}(Object(Illuminate\Http\Request))
#41 /Applications/MAMP/htdocs/baoo/vendor/laravel/framework/src/Illuminate/Pipeline/Pipeline.php(100): call_user_func(Object(Closure), Object(Illuminate\Http\Request))
#42 /Applications/MAMP/htdocs/baoo/vendor/laravel/framework/src/Illuminate/Foundation/Http/Kernel.php(115): Illuminate\Pipeline\Pipeline->then(Object(Closure))
#43 /Applications/MAMP/htdocs/baoo/vendor/laravel/framework/src/Illuminate/Foundation/Http/Kernel.php(84): Illuminate\Foundation\Http\Kernel->sendRequestThroughRouter(Object(Illuminate\Http\Request))
#44 /Applications/MAMP/htdocs/baoo/public/index.php(52): Illuminate\Foundation\Http\Kernel->handle(Object(Illuminate\Http\Request))
#45 {main}  
[2017-09-13 16:50:43] production.ERROR: BadMethodCallException: Method [show21] does not exist. in /Applications/MAMP/htdocs/baoo/vendor/laravel/framework/src/Illuminate/Routing/Controller.php:273
Stack trace:
#0 [internal function]: Illuminate\Routing\Controller->__call('show21', Array)
#1 /Applications/MAMP/htdocs/baoo/vendor/laravel/framework/src/Illuminate/Routing/Controller.php(246): call_user_func_array(Array, Array)
#2 /Applications/MAMP/htdocs/baoo/vendor/laravel/framework/src/Illuminate/Routing/ControllerDispatcher.php(162): Illuminate\Routing\Controller->callAction('show21', Array)
#3 /Applications/MAMP/htdocs/baoo/vendor/laravel/framework/src/Illuminate/Routing/ControllerDispatcher.php(107): Illuminate\Routing\ControllerDispatcher->call(Object(App\Http\Controllers\IndexController), Object(Illuminate\Routing\Route), 'show21')
#4 [internal function]: Illuminate\Routing\ControllerDispatcher->Illuminate\Routing\{closure}(Object(Illuminate\Http\Request))
#5 /Applications/MAMP/htdocs/baoo/vendor/laravel/framework/src/Illuminate/Pipeline/Pipeline.php(141): call_user_func(Object(Closure), Object(Illuminate\Http\Request))
#6 [internal function]: Illuminate\Pipeline\Pipeline->Illuminate\Pipeline\{closure}(Object(Illuminate\Http\Request))
#7 /Applications/MAMP/htdocs/baoo/vendor/laravel/framework/src/Illuminate/Pipeline/Pipeline.php(100): call_user_func(Object(Closure), Object(Illuminate\Http\Request))
#8 /Applications/MAMP/htdocs/baoo/vendor/laravel/framework/src/Illuminate/Routing/ControllerDispatcher.php(108): Illuminate\Pipeline\Pipeline->then(Object(Closure))
#9 /Applications/MAMP/htdocs/baoo/vendor/laravel/framework/src/Illuminate/Routing/ControllerDispatcher.php(66): Illuminate\Routing\ControllerDispatcher->callWithinStack(Object(App\Http\Controllers\IndexController), Object(Illuminate\Routing\Route), Object(Illuminate\Http\Request), 'show21')
#10 /Applications/MAMP/htdocs/baoo/vendor/laravel/framework/src/Illuminate/Routing/Route.php(204): Illuminate\Routing\ControllerDispatcher->dispatch(Object(Illuminate\Routing\Route), Object(Illuminate\Http\Request), 'App\\Http\\Contro...', 'show21')
#11 /Applications/MAMP/htdocs/baoo/vendor/laravel/framework/src/Illuminate/Routing/Route.php(134): Illuminate\Routing\Route->runWithCustomDispatcher(Object(Illuminate\Http\Request))
#12 /Applications/MAMP/htdocs/baoo/vendor/laravel/framework/src/Illuminate/Routing/Router.php(701): Illuminate\Routing\Route->run(Object(Illuminate\Http\Request))
#13 [internal function]: Illuminate\Routing\Router->Illuminate\Routing\{closure}(Object(Illuminate\Http\Request))
#14 /Applications/MAMP/htdocs/baoo/vendor/laravel/framework/src/Illuminate/Pipeline/Pipeline.php(141): call_user_func(Object(Closure), Object(Illuminate\Http\Request))
#15 /Applications/MAMP/htdocs/baoo/vendor/laravel/framework/src/Illuminate/Foundation/Http/Middleware/VerifyCsrfToken.php(43): Illuminate\Pipeline\Pipeline->Illuminate\Pipeline\{closure}(Object(Illuminate\Http\Request))
#16 /Applications/MAMP/htdocs/baoo/app/Http/Middleware/VerifyCsrfToken.php(17): Illuminate\Foundation\Http\Middleware\VerifyCsrfToken->handle(Object(Illuminate\Http\Request), Object(Closure))
#17 /Applications/MAMP/htdocs/baoo/vendor/laravel/framework/src/Illuminate/Pipeline/Pipeline.php(125): App\Http\Middleware\VerifyCsrfToken->handle(Object(Illuminate\Http\Request), Object(Closure))
#18 [internal function]: Illuminate\Pipeline\Pipeline->Illuminate\Pipeline\{closure}(Object(Illuminate\Http\Request))
#19 /Applications/MAMP/htdocs/baoo/vendor/laravel/framework/src/Illuminate/Pipeline/Pipeline.php(100): call_user_func(Object(Closure), Object(Illuminate\Http\Request))
#20 /Applications/MAMP/htdocs/baoo/vendor/laravel/framework/src/Illuminate/Routing/Router.php(703): Illuminate\Pipeline\Pipeline->then(Object(Closure))
#21 /Applications/MAMP/htdocs/baoo/vendor/laravel/framework/src/Illuminate/Routing/Router.php(669): Illuminate\Routing\Router->runRouteWithinStack(Object(Illuminate\Routing\Route), Object(Illuminate\Http\Request))
#22 /Applications/MAMP/htdocs/baoo/vendor/laravel/framework/src/Illuminate/Routing/Router.php(628): Illuminate\Routing\Router->dispatchToRoute(Object(Illuminate\Http\Request))
#23 /Applications/MAMP/htdocs/baoo/vendor/laravel/framework/src/Illuminate/Foundation/Http/Kernel.php(214): Illuminate\Routing\Router->dispatch(Object(Illuminate\Http\Request))
#24 [internal function]: Illuminate\Foundation\Http\Kernel->Illuminate\Foundation\Http\{closure}(Object(Illuminate\Http\Request))
#25 /Applications/MAMP/htdocs/baoo/vendor/laravel/framework/src/Illuminate/Pipeline/Pipeline.php(141): call_user_func(Object(Closure), Object(Illuminate\Http\Request))
#26 /Applications/MAMP/htdocs/baoo/vendor/laravel/framework/src/Illuminate/View/Middleware/ShareErrorsFromSession.php(55): Illuminate\Pipeline\Pipeline->Illuminate\Pipeline\{closure}(Object(Illuminate\Http\Request))
#27 /Applications/MAMP/htdocs/baoo/vendor/laravel/framework/src/Illuminate/Pipeline/Pipeline.php(125): Illuminate\View\Middleware\ShareErrorsFromSession->handle(Object(Illuminate\Http\Request), Object(Closure))
#28 /Applications/MAMP/htdocs/baoo/vendor/laravel/framework/src/Illuminate/Session/Middleware/StartSession.php(61): Illuminate\Pipeline\Pipeline->Illuminate\Pipeline\{closure}(Object(Illuminate\Http\Request))
#29 /Applications/MAMP/htdocs/baoo/vendor/laravel/framework/src/Illuminate/Pipeline/Pipeline.php(125): Illuminate\Session\Middleware\StartSession->handle(Object(Illuminate\Http\Request), Object(Closure))
#30 /Applications/MAMP/htdocs/baoo/vendor/laravel/framework/src/Illuminate/Cookie/Middleware/AddQueuedCookiesToResponse.php(36): Illuminate\Pipeline\Pipeline->Illuminate\Pipeline\{closure}(Object(Illuminate\Http\Request))
#31 /Applications/MAMP/htdocs/baoo/vendor/laravel/framework/src/Illuminate/Pipeline/Pipeline.php(125): Illuminate\Cookie\Middleware\AddQueuedCookiesToResponse->handle(Object(Illuminate\Http\Request), Object(Closure))
#32 /Applications/MAMP/htdocs/baoo/vendor/laravel/framework/src/Illuminate/Cookie/Middleware/EncryptCookies.php(40): Illuminate\Pipeline\Pipeline->Illuminate\Pipeline\{closure}(Object(Illuminate\Http\Request))
#33 /Applications/MAMP/htdocs/baoo/vendor/laravel/framework/src/Illuminate/Pipeline/Pipeline.php(125): Illuminate\Cookie\Middleware\EncryptCookies->handle(Object(Illuminate\Http\Request), Object(Closure))
#34 /Applications/MAMP/htdocs/baoo/vendor/laravel/framework/src/Illuminate/Foundation/Http/Middleware/CheckForMaintenanceMode.php(42): Illuminate\Pipeline\Pipeline->Illuminate\Pipeline\{closure}(Object(Illuminate\Http\Request))
#35 /Applications/MAMP/htdocs/baoo/vendor/laravel/framework/src/Illuminate/Pipeline/Pipeline.php(125): Illuminate\Foundation\Http\Middleware\CheckForMaintenanceMode->handle(Object(Illuminate\Http\Request), Object(Closure))
#36 [internal function]: Illuminate\Pipeline\Pipeline->Illuminate\Pipeline\{closure}(Object(Illuminate\Http\Request))
#37 /Applications/MAMP/htdocs/baoo/vendor/laravel/framework/src/Illuminate/Pipeline/Pipeline.php(100): call_user_func(Object(Closure), Object(Illuminate\Http\Request))
#38 /Applications/MAMP/htdocs/baoo/vendor/laravel/framework/src/Illuminate/Foundation/Http/Kernel.php(115): Illuminate\Pipeline\Pipeline->then(Object(Closure))
#39 /Applications/MAMP/htdocs/baoo/vendor/laravel/framework/src/Illuminate/Foundation/Http/Kernel.php(84): Illuminate\Foundation\Http\Kernel->sendRequestThroughRouter(Object(Illuminate\Http\Request))
#40 /Applications/MAMP/htdocs/baoo/public/index.php(52): Illuminate\Foundation\Http\Kernel->handle(Object(Illuminate\Http\Request))
#41 {main}  
[2017-09-13 17:12:29] production.ERROR: InvalidArgumentException: View [show22] not found. in /Applications/MAMP/htdocs/baoo/vendor/laravel/framework/src/Illuminate/View/FileViewFinder.php:140
Stack trace:
#0 /Applications/MAMP/htdocs/baoo/vendor/laravel/framework/src/Illuminate/View/FileViewFinder.php(77): Illuminate\View\FileViewFinder->findInPaths('show22', Array)
#1 /Applications/MAMP/htdocs/baoo/vendor/laravel/framework/src/Illuminate/View/Factory.php(145): Illuminate\View\FileViewFinder->find('show22')
#2 /Applications/MAMP/htdocs/baoo/vendor/laravel/framework/src/Illuminate/Foundation/helpers.php(592): Illuminate\View\Factory->make('show22', Array, Array)
#3 /Applications/MAMP/htdocs/baoo/app/Http/Controllers/IndexController.php(302): view('show22', Array)
#4 [internal function]: App\Http\Controllers\IndexController->show22()
#5 /Applications/MAMP/htdocs/baoo/vendor/laravel/framework/src/Illuminate/Routing/Controller.php(246): call_user_func_array(Array, Array)
#6 /Applications/MAMP/htdocs/baoo/vendor/laravel/framework/src/Illuminate/Routing/ControllerDispatcher.php(162): Illuminate\Routing\Controller->callAction('show22', Array)
#7 /Applications/MAMP/htdocs/baoo/vendor/laravel/framework/src/Illuminate/Routing/ControllerDispatcher.php(107): Illuminate\Routing\ControllerDispatcher->call(Object(App\Http\Controllers\IndexController), Object(Illuminate\Routing\Route), 'show22')
#8 [internal function]: Illuminate\Routing\ControllerDispatcher->Illuminate\Routing\{closure}(Object(Illuminate\Http\Request))
#9 /Applications/MAMP/htdocs/baoo/vendor/laravel/framework/src/Illuminate/Pipeline/Pipeline.php(141): call_user_func(Object(Closure), Object(Illuminate\Http\Request))
#10 [internal function]: Illuminate\Pipeline\Pipeline->Illuminate\Pipeline\{closure}(Object(Illuminate\Http\Request))
#11 /Applications/MAMP/htdocs/baoo/vendor/laravel/framework/src/Illuminate/Pipeline/Pipeline.php(100): call_user_func(Object(Closure), Object(Illuminate\Http\Request))
#12 /Applications/MAMP/htdocs/baoo/vendor/laravel/framework/src/Illuminate/Routing/ControllerDispatcher.php(108): Illuminate\Pipeline\Pipeline->then(Object(Closure))
#13 /Applications/MAMP/htdocs/baoo/vendor/laravel/framework/src/Illuminate/Routing/ControllerDispatcher.php(66): Illuminate\Routing\ControllerDispatcher->callWithinStack(Object(App\Http\Controllers\IndexController), Object(Illuminate\Routing\Route), Object(Illuminate\Http\Request), 'show22')
#14 /Applications/MAMP/htdocs/baoo/vendor/laravel/framework/src/Illuminate/Routing/Route.php(204): Illuminate\Routing\ControllerDispatcher->dispatch(Object(Illuminate\Routing\Route), Object(Illuminate\Http\Request), 'App\\Http\\Contro...', 'show22')
#15 /Applications/MAMP/htdocs/baoo/vendor/laravel/framework/src/Illuminate/Routing/Route.php(134): Illuminate\Routing\Route->runWithCustomDispatcher(Object(Illuminate\Http\Request))
#16 /Applications/MAMP/htdocs/baoo/vendor/laravel/framework/src/Illuminate/Routing/Router.php(701): Illuminate\Routing\Route->run(Object(Illuminate\Http\Request))
#17 [internal function]: Illuminate\Routing\Router->Illuminate\Routing\{closure}(Object(Illuminate\Http\Request))
#18 /Applications/MAMP/htdocs/baoo/vendor/laravel/framework/src/Illuminate/Pipeline/Pipeline.php(141): call_user_func(Object(Closure), Object(Illuminate\Http\Request))
#19 /Applications/MAMP/htdocs/baoo/vendor/laravel/framework/src/Illuminate/Foundation/Http/Middleware/VerifyCsrfToken.php(43): Illuminate\Pipeline\Pipeline->Illuminate\Pipeline\{closure}(Object(Illuminate\Http\Request))
#20 /Applications/MAMP/htdocs/baoo/app/Http/Middleware/VerifyCsrfToken.php(17): Illuminate\Foundation\Http\Middleware\VerifyCsrfToken->handle(Object(Illuminate\Http\Request), Object(Closure))
#21 /Applications/MAMP/htdocs/baoo/vendor/laravel/framework/src/Illuminate/Pipeline/Pipeline.php(125): App\Http\Middleware\VerifyCsrfToken->handle(Object(Illuminate\Http\Request), Object(Closure))
#22 [internal function]: Illuminate\Pipeline\Pipeline->Illuminate\Pipeline\{closure}(Object(Illuminate\Http\Request))
#23 /Applications/MAMP/htdocs/baoo/vendor/laravel/framework/src/Illuminate/Pipeline/Pipeline.php(100): call_user_func(Object(Closure), Object(Illuminate\Http\Request))
#24 /Applications/MAMP/htdocs/baoo/vendor/laravel/framework/src/Illuminate/Routing/Router.php(703): Illuminate\Pipeline\Pipeline->then(Object(Closure))
#25 /Applications/MAMP/htdocs/baoo/vendor/laravel/framework/src/Illuminate/Routing/Router.php(669): Illuminate\Routing\Router->runRouteWithinStack(Object(Illuminate\Routing\Route), Object(Illuminate\Http\Request))
#26 /Applications/MAMP/htdocs/baoo/vendor/laravel/framework/src/Illuminate/Routing/Router.php(628): Illuminate\Routing\Router->dispatchToRoute(Object(Illuminate\Http\Request))
#27 /Applications/MAMP/htdocs/baoo/vendor/laravel/framework/src/Illuminate/Foundation/Http/Kernel.php(214): Illuminate\Routing\Router->dispatch(Object(Illuminate\Http\Request))
#28 [internal function]: Illuminate\Foundation\Http\Kernel->Illuminate\Foundation\Http\{closure}(Object(Illuminate\Http\Request))
#29 /Applications/MAMP/htdocs/baoo/vendor/laravel/framework/src/Illuminate/Pipeline/Pipeline.php(141): call_user_func(Object(Closure), Object(Illuminate\Http\Request))
#30 /Applications/MAMP/htdocs/baoo/vendor/laravel/framework/src/Illuminate/View/Middleware/ShareErrorsFromSession.php(55): Illuminate\Pipeline\Pipeline->Illuminate\Pipeline\{closure}(Object(Illuminate\Http\Request))
#31 /Applications/MAMP/htdocs/baoo/vendor/laravel/framework/src/Illuminate/Pipeline/Pipeline.php(125): Illuminate\View\Middleware\ShareErrorsFromSession->handle(Object(Illuminate\Http\Request), Object(Closure))
#32 /Applications/MAMP/htdocs/baoo/vendor/laravel/framework/src/Illuminate/Session/Middleware/StartSession.php(61): Illuminate\Pipeline\Pipeline->Illuminate\Pipeline\{closure}(Object(Illuminate\Http\Request))
#33 /Applications/MAMP/htdocs/baoo/vendor/laravel/framework/src/Illuminate/Pipeline/Pipeline.php(125): Illuminate\Session\Middleware\StartSession->handle(Object(Illuminate\Http\Request), Object(Closure))
#34 /Applications/MAMP/htdocs/baoo/vendor/laravel/framework/src/Illuminate/Cookie/Middleware/AddQueuedCookiesToResponse.php(36): Illuminate\Pipeline\Pipeline->Illuminate\Pipeline\{closure}(Object(Illuminate\Http\Request))
#35 /Applications/MAMP/htdocs/baoo/vendor/laravel/framework/src/Illuminate/Pipeline/Pipeline.php(125): Illuminate\Cookie\Middleware\AddQueuedCookiesToResponse->handle(Object(Illuminate\Http\Request), Object(Closure))
#36 /Applications/MAMP/htdocs/baoo/vendor/laravel/framework/src/Illuminate/Cookie/Middleware/EncryptCookies.php(40): Illuminate\Pipeline\Pipeline->Illuminate\Pipeline\{closure}(Object(Illuminate\Http\Request))
#37 /Applications/MAMP/htdocs/baoo/vendor/laravel/framework/src/Illuminate/Pipeline/Pipeline.php(125): Illuminate\Cookie\Middleware\EncryptCookies->handle(Object(Illuminate\Http\Request), Object(Closure))
#38 /Applications/MAMP/htdocs/baoo/vendor/laravel/framework/src/Illuminate/Foundation/Http/Middleware/CheckForMaintenanceMode.php(42): Illuminate\Pipeline\Pipeline->Illuminate\Pipeline\{closure}(Object(Illuminate\Http\Request))
#39 /Applications/MAMP/htdocs/baoo/vendor/laravel/framework/src/Illuminate/Pipeline/Pipeline.php(125): Illuminate\Foundation\Http\Middleware\CheckForMaintenanceMode->handle(Object(Illuminate\Http\Request), Object(Closure))
#40 [internal function]: Illuminate\Pipeline\Pipeline->Illuminate\Pipeline\{closure}(Object(Illuminate\Http\Request))
#41 /Applications/MAMP/htdocs/baoo/vendor/laravel/framework/src/Illuminate/Pipeline/Pipeline.php(100): call_user_func(Object(Closure), Object(Illuminate\Http\Request))
#42 /Applications/MAMP/htdocs/baoo/vendor/laravel/framework/src/Illuminate/Foundation/Http/Kernel.php(115): Illuminate\Pipeline\Pipeline->then(Object(Closure))
#43 /Applications/MAMP/htdocs/baoo/vendor/laravel/framework/src/Illuminate/Foundation/Http/Kernel.php(84): Illuminate\Foundation\Http\Kernel->sendRequestThroughRouter(Object(Illuminate\Http\Request))
#44 /Applications/MAMP/htdocs/baoo/public/index.php(52): Illuminate\Foundation\Http\Kernel->handle(Object(Illuminate\Http\Request))
#45 {main}  
[2017-09-13 17:50:08] production.ERROR: InvalidArgumentException: View [show33] not found. in /Applications/MAMP/htdocs/baoo/vendor/laravel/framework/src/Illuminate/View/FileViewFinder.php:140
Stack trace:
#0 /Applications/MAMP/htdocs/baoo/vendor/laravel/framework/src/Illuminate/View/FileViewFinder.php(77): Illuminate\View\FileViewFinder->findInPaths('show33', Array)
#1 /Applications/MAMP/htdocs/baoo/vendor/laravel/framework/src/Illuminate/View/Factory.php(145): Illuminate\View\FileViewFinder->find('show33')
#2 /Applications/MAMP/htdocs/baoo/vendor/laravel/framework/src/Illuminate/Foundation/helpers.php(592): Illuminate\View\Factory->make('show33', Array, Array)
#3 /Applications/MAMP/htdocs/baoo/app/Http/Controllers/IndexController.php(368): view('show33', Array)
#4 [internal function]: App\Http\Controllers\IndexController->show33()
#5 /Applications/MAMP/htdocs/baoo/vendor/laravel/framework/src/Illuminate/Routing/Controller.php(246): call_user_func_array(Array, Array)
#6 /Applications/MAMP/htdocs/baoo/vendor/laravel/framework/src/Illuminate/Routing/ControllerDispatcher.php(162): Illuminate\Routing\Controller->callAction('show33', Array)
#7 /Applications/MAMP/htdocs/baoo/vendor/laravel/framework/src/Illuminate/Routing/ControllerDispatcher.php(107): Illuminate\Routing\ControllerDispatcher->call(Object(App\Http\Controllers\IndexController), Object(Illuminate\Routing\Route), 'show33')
#8 [internal function]: Illuminate\Routing\ControllerDispatcher->Illuminate\Routing\{closure}(Object(Illuminate\Http\Request))
#9 /Applications/MAMP/htdocs/baoo/vendor/laravel/framework/src/Illuminate/Pipeline/Pipeline.php(141): call_user_func(Object(Closure), Object(Illuminate\Http\Request))
#10 [internal function]: Illuminate\Pipeline\Pipeline->Illuminate\Pipeline\{closure}(Object(Illuminate\Http\Request))
#11 /Applications/MAMP/htdocs/baoo/vendor/laravel/framework/src/Illuminate/Pipeline/Pipeline.php(100): call_user_func(Object(Closure), Object(Illuminate\Http\Request))
#12 /Applications/MAMP/htdocs/baoo/vendor/laravel/framework/src/Illuminate/Routing/ControllerDispatcher.php(108): Illuminate\Pipeline\Pipeline->then(Object(Closure))
#13 /Applications/MAMP/htdocs/baoo/vendor/laravel/framework/src/Illuminate/Routing/ControllerDispatcher.php(66): Illuminate\Routing\ControllerDispatcher->callWithinStack(Object(App\Http\Controllers\IndexController), Object(Illuminate\Routing\Route), Object(Illuminate\Http\Request), 'show33')
#14 /Applications/MAMP/htdocs/baoo/vendor/laravel/framework/src/Illuminate/Routing/Route.php(204): Illuminate\Routing\ControllerDispatcher->dispatch(Object(Illuminate\Routing\Route), Object(Illuminate\Http\Request), 'App\\Http\\Contro...', 'show33')
#15 /Applications/MAMP/htdocs/baoo/vendor/laravel/framework/src/Illuminate/Routing/Route.php(134): Illuminate\Routing\Route->runWithCustomDispatcher(Object(Illuminate\Http\Request))
#16 /Applications/MAMP/htdocs/baoo/vendor/laravel/framework/src/Illuminate/Routing/Router.php(701): Illuminate\Routing\Route->run(Object(Illuminate\Http\Request))
#17 [internal function]: Illuminate\Routing\Router->Illuminate\Routing\{closure}(Object(Illuminate\Http\Request))
#18 /Applications/MAMP/htdocs/baoo/vendor/laravel/framework/src/Illuminate/Pipeline/Pipeline.php(141): call_user_func(Object(Closure), Object(Illuminate\Http\Request))
#19 /Applications/MAMP/htdocs/baoo/vendor/laravel/framework/src/Illuminate/Foundation/Http/Middleware/VerifyCsrfToken.php(43): Illuminate\Pipeline\Pipeline->Illuminate\Pipeline\{closure}(Object(Illuminate\Http\Request))
#20 /Applications/MAMP/htdocs/baoo/app/Http/Middleware/VerifyCsrfToken.php(17): Illuminate\Foundation\Http\Middleware\VerifyCsrfToken->handle(Object(Illuminate\Http\Request), Object(Closure))
#21 /Applications/MAMP/htdocs/baoo/vendor/laravel/framework/src/Illuminate/Pipeline/Pipeline.php(125): App\Http\Middleware\VerifyCsrfToken->handle(Object(Illuminate\Http\Request), Object(Closure))
#22 [internal function]: Illuminate\Pipeline\Pipeline->Illuminate\Pipeline\{closure}(Object(Illuminate\Http\Request))
#23 /Applications/MAMP/htdocs/baoo/vendor/laravel/framework/src/Illuminate/Pipeline/Pipeline.php(100): call_user_func(Object(Closure), Object(Illuminate\Http\Request))
#24 /Applications/MAMP/htdocs/baoo/vendor/laravel/framework/src/Illuminate/Routing/Router.php(703): Illuminate\Pipeline\Pipeline->then(Object(Closure))
#25 /Applications/MAMP/htdocs/baoo/vendor/laravel/framework/src/Illuminate/Routing/Router.php(669): Illuminate\Routing\Router->runRouteWithinStack(Object(Illuminate\Routing\Route), Object(Illuminate\Http\Request))
#26 /Applications/MAMP/htdocs/baoo/vendor/laravel/framework/src/Illuminate/Routing/Router.php(628): Illuminate\Routing\Router->dispatchToRoute(Object(Illuminate\Http\Request))
#27 /Applications/MAMP/htdocs/baoo/vendor/laravel/framework/src/Illuminate/Foundation/Http/Kernel.php(214): Illuminate\Routing\Router->dispatch(Object(Illuminate\Http\Request))
#28 [internal function]: Illuminate\Foundation\Http\Kernel->Illuminate\Foundation\Http\{closure}(Object(Illuminate\Http\Request))
#29 /Applications/MAMP/htdocs/baoo/vendor/laravel/framework/src/Illuminate/Pipeline/Pipeline.php(141): call_user_func(Object(Closure), Object(Illuminate\Http\Request))
#30 /Applications/MAMP/htdocs/baoo/vendor/laravel/framework/src/Illuminate/View/Middleware/ShareErrorsFromSession.php(55): Illuminate\Pipeline\Pipeline->Illuminate\Pipeline\{closure}(Object(Illuminate\Http\Request))
#31 /Applications/MAMP/htdocs/baoo/vendor/laravel/framework/src/Illuminate/Pipeline/Pipeline.php(125): Illuminate\View\Middleware\ShareErrorsFromSession->handle(Object(Illuminate\Http\Request), Object(Closure))
#32 /Applications/MAMP/htdocs/baoo/vendor/laravel/framework/src/Illuminate/Session/Middleware/StartSession.php(61): Illuminate\Pipeline\Pipeline->Illuminate\Pipeline\{closure}(Object(Illuminate\Http\Request))
#33 /Applications/MAMP/htdocs/baoo/vendor/laravel/framework/src/Illuminate/Pipeline/Pipeline.php(125): Illuminate\Session\Middleware\StartSession->handle(Object(Illuminate\Http\Request), Object(Closure))
#34 /Applications/MAMP/htdocs/baoo/vendor/laravel/framework/src/Illuminate/Cookie/Middleware/AddQueuedCookiesToResponse.php(36): Illuminate\Pipeline\Pipeline->Illuminate\Pipeline\{closure}(Object(Illuminate\Http\Request))
#35 /Applications/MAMP/htdocs/baoo/vendor/laravel/framework/src/Illuminate/Pipeline/Pipeline.php(125): Illuminate\Cookie\Middleware\AddQueuedCookiesToResponse->handle(Object(Illuminate\Http\Request), Object(Closure))
#36 /Applications/MAMP/htdocs/baoo/vendor/laravel/framework/src/Illuminate/Cookie/Middleware/EncryptCookies.php(40): Illuminate\Pipeline\Pipeline->Illuminate\Pipeline\{closure}(Object(Illuminate\Http\Request))
#37 /Applications/MAMP/htdocs/baoo/vendor/laravel/framework/src/Illuminate/Pipeline/Pipeline.php(125): Illuminate\Cookie\Middleware\EncryptCookies->handle(Object(Illuminate\Http\Request), Object(Closure))
#38 /Applications/MAMP/htdocs/baoo/vendor/laravel/framework/src/Illuminate/Foundation/Http/Middleware/CheckForMaintenanceMode.php(42): Illuminate\Pipeline\Pipeline->Illuminate\Pipeline\{closure}(Object(Illuminate\Http\Request))
#39 /Applications/MAMP/htdocs/baoo/vendor/laravel/framework/src/Illuminate/Pipeline/Pipeline.php(125): Illuminate\Foundation\Http\Middleware\CheckForMaintenanceMode->handle(Object(Illuminate\Http\Request), Object(Closure))
#40 [internal function]: Illuminate\Pipeline\Pipeline->Illuminate\Pipeline\{closure}(Object(Illuminate\Http\Request))
#41 /Applications/MAMP/htdocs/baoo/vendor/laravel/framework/src/Illuminate/Pipeline/Pipeline.php(100): call_user_func(Object(Closure), Object(Illuminate\Http\Request))
#42 /Applications/MAMP/htdocs/baoo/vendor/laravel/framework/src/Illuminate/Foundation/Http/Kernel.php(115): Illuminate\Pipeline\Pipeline->then(Object(Closure))
#43 /Applications/MAMP/htdocs/baoo/vendor/laravel/framework/src/Illuminate/Foundation/Http/Kernel.php(84): Illuminate\Foundation\Http\Kernel->sendRequestThroughRouter(Object(Illuminate\Http\Request))
#44 /Applications/MAMP/htdocs/baoo/public/index.php(52): Illuminate\Foundation\Http\Kernel->handle(Object(Illuminate\Http\Request))
#45 {main}  
[2017-09-13 17:50:50] production.ERROR: InvalidArgumentException: View [show33] not found. in /Applications/MAMP/htdocs/baoo/vendor/laravel/framework/src/Illuminate/View/FileViewFinder.php:140
Stack trace:
#0 /Applications/MAMP/htdocs/baoo/vendor/laravel/framework/src/Illuminate/View/FileViewFinder.php(77): Illuminate\View\FileViewFinder->findInPaths('show33', Array)
#1 /Applications/MAMP/htdocs/baoo/vendor/laravel/framework/src/Illuminate/View/Factory.php(145): Illuminate\View\FileViewFinder->find('show33')
#2 /Applications/MAMP/htdocs/baoo/vendor/laravel/framework/src/Illuminate/Foundation/helpers.php(592): Illuminate\View\Factory->make('show33', Array, Array)
#3 /Applications/MAMP/htdocs/baoo/app/Http/Controllers/IndexController.php(368): view('show33', Array)
#4 [internal function]: App\Http\Controllers\IndexController->show33()
#5 /Applications/MAMP/htdocs/baoo/vendor/laravel/framework/src/Illuminate/Routing/Controller.php(246): call_user_func_array(Array, Array)
#6 /Applications/MAMP/htdocs/baoo/vendor/laravel/framework/src/Illuminate/Routing/ControllerDispatcher.php(162): Illuminate\Routing\Controller->callAction('show33', Array)
#7 /Applications/MAMP/htdocs/baoo/vendor/laravel/framework/src/Illuminate/Routing/ControllerDispatcher.php(107): Illuminate\Routing\ControllerDispatcher->call(Object(App\Http\Controllers\IndexController), Object(Illuminate\Routing\Route), 'show33')
#8 [internal function]: Illuminate\Routing\ControllerDispatcher->Illuminate\Routing\{closure}(Object(Illuminate\Http\Request))
#9 /Applications/MAMP/htdocs/baoo/vendor/laravel/framework/src/Illuminate/Pipeline/Pipeline.php(141): call_user_func(Object(Closure), Object(Illuminate\Http\Request))
#10 [internal function]: Illuminate\Pipeline\Pipeline->Illuminate\Pipeline\{closure}(Object(Illuminate\Http\Request))
#11 /Applications/MAMP/htdocs/baoo/vendor/laravel/framework/src/Illuminate/Pipeline/Pipeline.php(100): call_user_func(Object(Closure), Object(Illuminate\Http\Request))
#12 /Applications/MAMP/htdocs/baoo/vendor/laravel/framework/src/Illuminate/Routing/ControllerDispatcher.php(108): Illuminate\Pipeline\Pipeline->then(Object(Closure))
#13 /Applications/MAMP/htdocs/baoo/vendor/laravel/framework/src/Illuminate/Routing/ControllerDispatcher.php(66): Illuminate\Routing\ControllerDispatcher->callWithinStack(Object(App\Http\Controllers\IndexController), Object(Illuminate\Routing\Route), Object(Illuminate\Http\Request), 'show33')
#14 /Applications/MAMP/htdocs/baoo/vendor/laravel/framework/src/Illuminate/Routing/Route.php(204): Illuminate\Routing\ControllerDispatcher->dispatch(Object(Illuminate\Routing\Route), Object(Illuminate\Http\Request), 'App\\Http\\Contro...', 'show33')
#15 /Applications/MAMP/htdocs/baoo/vendor/laravel/framework/src/Illuminate/Routing/Route.php(134): Illuminate\Routing\Route->runWithCustomDispatcher(Object(Illuminate\Http\Request))
#16 /Applications/MAMP/htdocs/baoo/vendor/laravel/framework/src/Illuminate/Routing/Router.php(701): Illuminate\Routing\Route->run(Object(Illuminate\Http\Request))
#17 [internal function]: Illuminate\Routing\Router->Illuminate\Routing\{closure}(Object(Illuminate\Http\Request))
#18 /Applications/MAMP/htdocs/baoo/vendor/laravel/framework/src/Illuminate/Pipeline/Pipeline.php(141): call_user_func(Object(Closure), Object(Illuminate\Http\Request))
#19 /Applications/MAMP/htdocs/baoo/vendor/laravel/framework/src/Illuminate/Foundation/Http/Middleware/VerifyCsrfToken.php(43): Illuminate\Pipeline\Pipeline->Illuminate\Pipeline\{closure}(Object(Illuminate\Http\Request))
#20 /Applications/MAMP/htdocs/baoo/app/Http/Middleware/VerifyCsrfToken.php(17): Illuminate\Foundation\Http\Middleware\VerifyCsrfToken->handle(Object(Illuminate\Http\Request), Object(Closure))
#21 /Applications/MAMP/htdocs/baoo/vendor/laravel/framework/src/Illuminate/Pipeline/Pipeline.php(125): App\Http\Middleware\VerifyCsrfToken->handle(Object(Illuminate\Http\Request), Object(Closure))
#22 [internal function]: Illuminate\Pipeline\Pipeline->Illuminate\Pipeline\{closure}(Object(Illuminate\Http\Request))
#23 /Applications/MAMP/htdocs/baoo/vendor/laravel/framework/src/Illuminate/Pipeline/Pipeline.php(100): call_user_func(Object(Closure), Object(Illuminate\Http\Request))
#24 /Applications/MAMP/htdocs/baoo/vendor/laravel/framework/src/Illuminate/Routing/Router.php(703): Illuminate\Pipeline\Pipeline->then(Object(Closure))
#25 /Applications/MAMP/htdocs/baoo/vendor/laravel/framework/src/Illuminate/Routing/Router.php(669): Illuminate\Routing\Router->runRouteWithinStack(Object(Illuminate\Routing\Route), Object(Illuminate\Http\Request))
#26 /Applications/MAMP/htdocs/baoo/vendor/laravel/framework/src/Illuminate/Routing/Router.php(628): Illuminate\Routing\Router->dispatchToRoute(Object(Illuminate\Http\Request))
#27 /Applications/MAMP/htdocs/baoo/vendor/laravel/framework/src/Illuminate/Foundation/Http/Kernel.php(214): Illuminate\Routing\Router->dispatch(Object(Illuminate\Http\Request))
#28 [internal function]: Illuminate\Foundation\Http\Kernel->Illuminate\Foundation\Http\{closure}(Object(Illuminate\Http\Request))
#29 /Applications/MAMP/htdocs/baoo/vendor/laravel/framework/src/Illuminate/Pipeline/Pipeline.php(141): call_user_func(Object(Closure), Object(Illuminate\Http\Request))
#30 /Applications/MAMP/htdocs/baoo/vendor/laravel/framework/src/Illuminate/View/Middleware/ShareErrorsFromSession.php(55): Illuminate\Pipeline\Pipeline->Illuminate\Pipeline\{closure}(Object(Illuminate\Http\Request))
#31 /Applications/MAMP/htdocs/baoo/vendor/laravel/framework/src/Illuminate/Pipeline/Pipeline.php(125): Illuminate\View\Middleware\ShareErrorsFromSession->handle(Object(Illuminate\Http\Request), Object(Closure))
#32 /Applications/MAMP/htdocs/baoo/vendor/laravel/framework/src/Illuminate/Session/Middleware/StartSession.php(61): Illuminate\Pipeline\Pipeline->Illuminate\Pipeline\{closure}(Object(Illuminate\Http\Request))
#33 /Applications/MAMP/htdocs/baoo/vendor/laravel/framework/src/Illuminate/Pipeline/Pipeline.php(125): Illuminate\Session\Middleware\StartSession->handle(Object(Illuminate\Http\Request), Object(Closure))
#34 /Applications/MAMP/htdocs/baoo/vendor/laravel/framework/src/Illuminate/Cookie/Middleware/AddQueuedCookiesToResponse.php(36): Illuminate\Pipeline\Pipeline->Illuminate\Pipeline\{closure}(Object(Illuminate\Http\Request))
#35 /Applications/MAMP/htdocs/baoo/vendor/laravel/framework/src/Illuminate/Pipeline/Pipeline.php(125): Illuminate\Cookie\Middleware\AddQueuedCookiesToResponse->handle(Object(Illuminate\Http\Request), Object(Closure))
#36 /Applications/MAMP/htdocs/baoo/vendor/laravel/framework/src/Illuminate/Cookie/Middleware/EncryptCookies.php(40): Illuminate\Pipeline\Pipeline->Illuminate\Pipeline\{closure}(Object(Illuminate\Http\Request))
#37 /Applications/MAMP/htdocs/baoo/vendor/laravel/framework/src/Illuminate/Pipeline/Pipeline.php(125): Illuminate\Cookie\Middleware\EncryptCookies->handle(Object(Illuminate\Http\Request), Object(Closure))
#38 /Applications/MAMP/htdocs/baoo/vendor/laravel/framework/src/Illuminate/Foundation/Http/Middleware/CheckForMaintenanceMode.php(42): Illuminate\Pipeline\Pipeline->Illuminate\Pipeline\{closure}(Object(Illuminate\Http\Request))
#39 /Applications/MAMP/htdocs/baoo/vendor/laravel/framework/src/Illuminate/Pipeline/Pipeline.php(125): Illuminate\Foundation\Http\Middleware\CheckForMaintenanceMode->handle(Object(Illuminate\Http\Request), Object(Closure))
#40 [internal function]: Illuminate\Pipeline\Pipeline->Illuminate\Pipeline\{closure}(Object(Illuminate\Http\Request))
#41 /Applications/MAMP/htdocs/baoo/vendor/laravel/framework/src/Illuminate/Pipeline/Pipeline.php(100): call_user_func(Object(Closure), Object(Illuminate\Http\Request))
#42 /Applications/MAMP/htdocs/baoo/vendor/laravel/framework/src/Illuminate/Foundation/Http/Kernel.php(115): Illuminate\Pipeline\Pipeline->then(Object(Closure))
#43 /Applications/MAMP/htdocs/baoo/vendor/laravel/framework/src/Illuminate/Foundation/Http/Kernel.php(84): Illuminate\Foundation\Http\Kernel->sendRequestThroughRouter(Object(Illuminate\Http\Request))
#44 /Applications/MAMP/htdocs/baoo/public/index.php(52): Illuminate\Foundation\Http\Kernel->handle(Object(Illuminate\Http\Request))
#45 {main}  
[2017-09-13 17:50:55] production.ERROR: InvalidArgumentException: View [show34] not found. in /Applications/MAMP/htdocs/baoo/vendor/laravel/framework/src/Illuminate/View/FileViewFinder.php:140
Stack trace:
#0 /Applications/MAMP/htdocs/baoo/vendor/laravel/framework/src/Illuminate/View/FileViewFinder.php(77): Illuminate\View\FileViewFinder->findInPaths('show34', Array)
#1 /Applications/MAMP/htdocs/baoo/vendor/laravel/framework/src/Illuminate/View/Factory.php(145): Illuminate\View\FileViewFinder->find('show34')
#2 /Applications/MAMP/htdocs/baoo/vendor/laravel/framework/src/Illuminate/Foundation/helpers.php(592): Illuminate\View\Factory->make('show34', Array, Array)
#3 /Applications/MAMP/htdocs/baoo/app/Http/Controllers/IndexController.php(374): view('show34', Array)
#4 [internal function]: App\Http\Controllers\IndexController->show34()
#5 /Applications/MAMP/htdocs/baoo/vendor/laravel/framework/src/Illuminate/Routing/Controller.php(246): call_user_func_array(Array, Array)
#6 /Applications/MAMP/htdocs/baoo/vendor/laravel/framework/src/Illuminate/Routing/ControllerDispatcher.php(162): Illuminate\Routing\Controller->callAction('show34', Array)
#7 /Applications/MAMP/htdocs/baoo/vendor/laravel/framework/src/Illuminate/Routing/ControllerDispatcher.php(107): Illuminate\Routing\ControllerDispatcher->call(Object(App\Http\Controllers\IndexController), Object(Illuminate\Routing\Route), 'show34')
#8 [internal function]: Illuminate\Routing\ControllerDispatcher->Illuminate\Routing\{closure}(Object(Illuminate\Http\Request))
#9 /Applications/MAMP/htdocs/baoo/vendor/laravel/framework/src/Illuminate/Pipeline/Pipeline.php(141): call_user_func(Object(Closure), Object(Illuminate\Http\Request))
#10 [internal function]: Illuminate\Pipeline\Pipeline->Illuminate\Pipeline\{closure}(Object(Illuminate\Http\Request))
#11 /Applications/MAMP/htdocs/baoo/vendor/laravel/framework/src/Illuminate/Pipeline/Pipeline.php(100): call_user_func(Object(Closure), Object(Illuminate\Http\Request))
#12 /Applications/MAMP/htdocs/baoo/vendor/laravel/framework/src/Illuminate/Routing/ControllerDispatcher.php(108): Illuminate\Pipeline\Pipeline->then(Object(Closure))
#13 /Applications/MAMP/htdocs/baoo/vendor/laravel/framework/src/Illuminate/Routing/ControllerDispatcher.php(66): Illuminate\Routing\ControllerDispatcher->callWithinStack(Object(App\Http\Controllers\IndexController), Object(Illuminate\Routing\Route), Object(Illuminate\Http\Request), 'show34')
#14 /Applications/MAMP/htdocs/baoo/vendor/laravel/framework/src/Illuminate/Routing/Route.php(204): Illuminate\Routing\ControllerDispatcher->dispatch(Object(Illuminate\Routing\Route), Object(Illuminate\Http\Request), 'App\\Http\\Contro...', 'show34')
#15 /Applications/MAMP/htdocs/baoo/vendor/laravel/framework/src/Illuminate/Routing/Route.php(134): Illuminate\Routing\Route->runWithCustomDispatcher(Object(Illuminate\Http\Request))
#16 /Applications/MAMP/htdocs/baoo/vendor/laravel/framework/src/Illuminate/Routing/Router.php(701): Illuminate\Routing\Route->run(Object(Illuminate\Http\Request))
#17 [internal function]: Illuminate\Routing\Router->Illuminate\Routing\{closure}(Object(Illuminate\Http\Request))
#18 /Applications/MAMP/htdocs/baoo/vendor/laravel/framework/src/Illuminate/Pipeline/Pipeline.php(141): call_user_func(Object(Closure), Object(Illuminate\Http\Request))
#19 /Applications/MAMP/htdocs/baoo/vendor/laravel/framework/src/Illuminate/Foundation/Http/Middleware/VerifyCsrfToken.php(43): Illuminate\Pipeline\Pipeline->Illuminate\Pipeline\{closure}(Object(Illuminate\Http\Request))
#20 /Applications/MAMP/htdocs/baoo/app/Http/Middleware/VerifyCsrfToken.php(17): Illuminate\Foundation\Http\Middleware\VerifyCsrfToken->handle(Object(Illuminate\Http\Request), Object(Closure))
#21 /Applications/MAMP/htdocs/baoo/vendor/laravel/framework/src/Illuminate/Pipeline/Pipeline.php(125): App\Http\Middleware\VerifyCsrfToken->handle(Object(Illuminate\Http\Request), Object(Closure))
#22 [internal function]: Illuminate\Pipeline\Pipeline->Illuminate\Pipeline\{closure}(Object(Illuminate\Http\Request))
#23 /Applications/MAMP/htdocs/baoo/vendor/laravel/framework/src/Illuminate/Pipeline/Pipeline.php(100): call_user_func(Object(Closure), Object(Illuminate\Http\Request))
#24 /Applications/MAMP/htdocs/baoo/vendor/laravel/framework/src/Illuminate/Routing/Router.php(703): Illuminate\Pipeline\Pipeline->then(Object(Closure))
#25 /Applications/MAMP/htdocs/baoo/vendor/laravel/framework/src/Illuminate/Routing/Router.php(669): Illuminate\Routing\Router->runRouteWithinStack(Object(Illuminate\Routing\Route), Object(Illuminate\Http\Request))
#26 /Applications/MAMP/htdocs/baoo/vendor/laravel/framework/src/Illuminate/Routing/Router.php(628): Illuminate\Routing\Router->dispatchToRoute(Object(Illuminate\Http\Request))
#27 /Applications/MAMP/htdocs/baoo/vendor/laravel/framework/src/Illuminate/Foundation/Http/Kernel.php(214): Illuminate\Routing\Router->dispatch(Object(Illuminate\Http\Request))
#28 [internal function]: Illuminate\Foundation\Http\Kernel->Illuminate\Foundation\Http\{closure}(Object(Illuminate\Http\Request))
#29 /Applications/MAMP/htdocs/baoo/vendor/laravel/framework/src/Illuminate/Pipeline/Pipeline.php(141): call_user_func(Object(Closure), Object(Illuminate\Http\Request))
#30 /Applications/MAMP/htdocs/baoo/vendor/laravel/framework/src/Illuminate/View/Middleware/ShareErrorsFromSession.php(55): Illuminate\Pipeline\Pipeline->Illuminate\Pipeline\{closure}(Object(Illuminate\Http\Request))
#31 /Applications/MAMP/htdocs/baoo/vendor/laravel/framework/src/Illuminate/Pipeline/Pipeline.php(125): Illuminate\View\Middleware\ShareErrorsFromSession->handle(Object(Illuminate\Http\Request), Object(Closure))
#32 /Applications/MAMP/htdocs/baoo/vendor/laravel/framework/src/Illuminate/Session/Middleware/StartSession.php(61): Illuminate\Pipeline\Pipeline->Illuminate\Pipeline\{closure}(Object(Illuminate\Http\Request))
#33 /Applications/MAMP/htdocs/baoo/vendor/laravel/framework/src/Illuminate/Pipeline/Pipeline.php(125): Illuminate\Session\Middleware\StartSession->handle(Object(Illuminate\Http\Request), Object(Closure))
#34 /Applications/MAMP/htdocs/baoo/vendor/laravel/framework/src/Illuminate/Cookie/Middleware/AddQueuedCookiesToResponse.php(36): Illuminate\Pipeline\Pipeline->Illuminate\Pipeline\{closure}(Object(Illuminate\Http\Request))
#35 /Applications/MAMP/htdocs/baoo/vendor/laravel/framework/src/Illuminate/Pipeline/Pipeline.php(125): Illuminate\Cookie\Middleware\AddQueuedCookiesToResponse->handle(Object(Illuminate\Http\Request), Object(Closure))
#36 /Applications/MAMP/htdocs/baoo/vendor/laravel/framework/src/Illuminate/Cookie/Middleware/EncryptCookies.php(40): Illuminate\Pipeline\Pipeline->Illuminate\Pipeline\{closure}(Object(Illuminate\Http\Request))
#37 /Applications/MAMP/htdocs/baoo/vendor/laravel/framework/src/Illuminate/Pipeline/Pipeline.php(125): Illuminate\Cookie\Middleware\EncryptCookies->handle(Object(Illuminate\Http\Request), Object(Closure))
#38 /Applications/MAMP/htdocs/baoo/vendor/laravel/framework/src/Illuminate/Foundation/Http/Middleware/CheckForMaintenanceMode.php(42): Illuminate\Pipeline\Pipeline->Illuminate\Pipeline\{closure}(Object(Illuminate\Http\Request))
#39 /Applications/MAMP/htdocs/baoo/vendor/laravel/framework/src/Illuminate/Pipeline/Pipeline.php(125): Illuminate\Foundation\Http\Middleware\CheckForMaintenanceMode->handle(Object(Illuminate\Http\Request), Object(Closure))
#40 [internal function]: Illuminate\Pipeline\Pipeline->Illuminate\Pipeline\{closure}(Object(Illuminate\Http\Request))
#41 /Applications/MAMP/htdocs/baoo/vendor/laravel/framework/src/Illuminate/Pipeline/Pipeline.php(100): call_user_func(Object(Closure), Object(Illuminate\Http\Request))
#42 /Applications/MAMP/htdocs/baoo/vendor/laravel/framework/src/Illuminate/Foundation/Http/Kernel.php(115): Illuminate\Pipeline\Pipeline->then(Object(Closure))
#43 /Applications/MAMP/htdocs/baoo/vendor/laravel/framework/src/Illuminate/Foundation/Http/Kernel.php(84): Illuminate\Foundation\Http\Kernel->sendRequestThroughRouter(Object(Illuminate\Http\Request))
#44 /Applications/MAMP/htdocs/baoo/public/index.php(52): Illuminate\Foundation\Http\Kernel->handle(Object(Illuminate\Http\Request))
#45 {main}  
[2017-09-13 18:33:52] production.ERROR: BadMethodCallException: Method [show37] does not exist. in /Applications/MAMP/htdocs/baoo/vendor/laravel/framework/src/Illuminate/Routing/Controller.php:273
Stack trace:
#0 [internal function]: Illuminate\Routing\Controller->__call('show37', Array)
#1 /Applications/MAMP/htdocs/baoo/vendor/laravel/framework/src/Illuminate/Routing/Controller.php(246): call_user_func_array(Array, Array)
#2 /Applications/MAMP/htdocs/baoo/vendor/laravel/framework/src/Illuminate/Routing/ControllerDispatcher.php(162): Illuminate\Routing\Controller->callAction('show37', Array)
#3 /Applications/MAMP/htdocs/baoo/vendor/laravel/framework/src/Illuminate/Routing/ControllerDispatcher.php(107): Illuminate\Routing\ControllerDispatcher->call(Object(App\Http\Controllers\IndexController), Object(Illuminate\Routing\Route), 'show37')
#4 [internal function]: Illuminate\Routing\ControllerDispatcher->Illuminate\Routing\{closure}(Object(Illuminate\Http\Request))
#5 /Applications/MAMP/htdocs/baoo/vendor/laravel/framework/src/Illuminate/Pipeline/Pipeline.php(141): call_user_func(Object(Closure), Object(Illuminate\Http\Request))
#6 [internal function]: Illuminate\Pipeline\Pipeline->Illuminate\Pipeline\{closure}(Object(Illuminate\Http\Request))
#7 /Applications/MAMP/htdocs/baoo/vendor/laravel/framework/src/Illuminate/Pipeline/Pipeline.php(100): call_user_func(Object(Closure), Object(Illuminate\Http\Request))
#8 /Applications/MAMP/htdocs/baoo/vendor/laravel/framework/src/Illuminate/Routing/ControllerDispatcher.php(108): Illuminate\Pipeline\Pipeline->then(Object(Closure))
#9 /Applications/MAMP/htdocs/baoo/vendor/laravel/framework/src/Illuminate/Routing/ControllerDispatcher.php(66): Illuminate\Routing\ControllerDispatcher->callWithinStack(Object(App\Http\Controllers\IndexController), Object(Illuminate\Routing\Route), Object(Illuminate\Http\Request), 'show37')
#10 /Applications/MAMP/htdocs/baoo/vendor/laravel/framework/src/Illuminate/Routing/Route.php(204): Illuminate\Routing\ControllerDispatcher->dispatch(Object(Illuminate\Routing\Route), Object(Illuminate\Http\Request), 'App\\Http\\Contro...', 'show37')
#11 /Applications/MAMP/htdocs/baoo/vendor/laravel/framework/src/Illuminate/Routing/Route.php(134): Illuminate\Routing\Route->runWithCustomDispatcher(Object(Illuminate\Http\Request))
#12 /Applications/MAMP/htdocs/baoo/vendor/laravel/framework/src/Illuminate/Routing/Router.php(701): Illuminate\Routing\Route->run(Object(Illuminate\Http\Request))
#13 [internal function]: Illuminate\Routing\Router->Illuminate\Routing\{closure}(Object(Illuminate\Http\Request))
#14 /Applications/MAMP/htdocs/baoo/vendor/laravel/framework/src/Illuminate/Pipeline/Pipeline.php(141): call_user_func(Object(Closure), Object(Illuminate\Http\Request))
#15 /Applications/MAMP/htdocs/baoo/vendor/laravel/framework/src/Illuminate/Foundation/Http/Middleware/VerifyCsrfToken.php(43): Illuminate\Pipeline\Pipeline->Illuminate\Pipeline\{closure}(Object(Illuminate\Http\Request))
#16 /Applications/MAMP/htdocs/baoo/app/Http/Middleware/VerifyCsrfToken.php(17): Illuminate\Foundation\Http\Middleware\VerifyCsrfToken->handle(Object(Illuminate\Http\Request), Object(Closure))
#17 /Applications/MAMP/htdocs/baoo/vendor/laravel/framework/src/Illuminate/Pipeline/Pipeline.php(125): App\Http\Middleware\VerifyCsrfToken->handle(Object(Illuminate\Http\Request), Object(Closure))
#18 [internal function]: Illuminate\Pipeline\Pipeline->Illuminate\Pipeline\{closure}(Object(Illuminate\Http\Request))
#19 /Applications/MAMP/htdocs/baoo/vendor/laravel/framework/src/Illuminate/Pipeline/Pipeline.php(100): call_user_func(Object(Closure), Object(Illuminate\Http\Request))
#20 /Applications/MAMP/htdocs/baoo/vendor/laravel/framework/src/Illuminate/Routing/Router.php(703): Illuminate\Pipeline\Pipeline->then(Object(Closure))
#21 /Applications/MAMP/htdocs/baoo/vendor/laravel/framework/src/Illuminate/Routing/Router.php(669): Illuminate\Routing\Router->runRouteWithinStack(Object(Illuminate\Routing\Route), Object(Illuminate\Http\Request))
#22 /Applications/MAMP/htdocs/baoo/vendor/laravel/framework/src/Illuminate/Routing/Router.php(628): Illuminate\Routing\Router->dispatchToRoute(Object(Illuminate\Http\Request))
#23 /Applications/MAMP/htdocs/baoo/vendor/laravel/framework/src/Illuminate/Foundation/Http/Kernel.php(214): Illuminate\Routing\Router->dispatch(Object(Illuminate\Http\Request))
#24 [internal function]: Illuminate\Foundation\Http\Kernel->Illuminate\Foundation\Http\{closure}(Object(Illuminate\Http\Request))
#25 /Applications/MAMP/htdocs/baoo/vendor/laravel/framework/src/Illuminate/Pipeline/Pipeline.php(141): call_user_func(Object(Closure), Object(Illuminate\Http\Request))
#26 /Applications/MAMP/htdocs/baoo/vendor/laravel/framework/src/Illuminate/View/Middleware/ShareErrorsFromSession.php(55): Illuminate\Pipeline\Pipeline->Illuminate\Pipeline\{closure}(Object(Illuminate\Http\Request))
#27 /Applications/MAMP/htdocs/baoo/vendor/laravel/framework/src/Illuminate/Pipeline/Pipeline.php(125): Illuminate\View\Middleware\ShareErrorsFromSession->handle(Object(Illuminate\Http\Request), Object(Closure))
#28 /Applications/MAMP/htdocs/baoo/vendor/laravel/framework/src/Illuminate/Session/Middleware/StartSession.php(61): Illuminate\Pipeline\Pipeline->Illuminate\Pipeline\{closure}(Object(Illuminate\Http\Request))
#29 /Applications/MAMP/htdocs/baoo/vendor/laravel/framework/src/Illuminate/Pipeline/Pipeline.php(125): Illuminate\Session\Middleware\StartSession->handle(Object(Illuminate\Http\Request), Object(Closure))
#30 /Applications/MAMP/htdocs/baoo/vendor/laravel/framework/src/Illuminate/Cookie/Middleware/AddQueuedCookiesToResponse.php(36): Illuminate\Pipeline\Pipeline->Illuminate\Pipeline\{closure}(Object(Illuminate\Http\Request))
#31 /Applications/MAMP/htdocs/baoo/vendor/laravel/framework/src/Illuminate/Pipeline/Pipeline.php(125): Illuminate\Cookie\Middleware\AddQueuedCookiesToResponse->handle(Object(Illuminate\Http\Request), Object(Closure))
#32 /Applications/MAMP/htdocs/baoo/vendor/laravel/framework/src/Illuminate/Cookie/Middleware/EncryptCookies.php(40): Illuminate\Pipeline\Pipeline->Illuminate\Pipeline\{closure}(Object(Illuminate\Http\Request))
#33 /Applications/MAMP/htdocs/baoo/vendor/laravel/framework/src/Illuminate/Pipeline/Pipeline.php(125): Illuminate\Cookie\Middleware\EncryptCookies->handle(Object(Illuminate\Http\Request), Object(Closure))
#34 /Applications/MAMP/htdocs/baoo/vendor/laravel/framework/src/Illuminate/Foundation/Http/Middleware/CheckForMaintenanceMode.php(42): Illuminate\Pipeline\Pipeline->Illuminate\Pipeline\{closure}(Object(Illuminate\Http\Request))
#35 /Applications/MAMP/htdocs/baoo/vendor/laravel/framework/src/Illuminate/Pipeline/Pipeline.php(125): Illuminate\Foundation\Http\Middleware\CheckForMaintenanceMode->handle(Object(Illuminate\Http\Request), Object(Closure))
#36 [internal function]: Illuminate\Pipeline\Pipeline->Illuminate\Pipeline\{closure}(Object(Illuminate\Http\Request))
#37 /Applications/MAMP/htdocs/baoo/vendor/laravel/framework/src/Illuminate/Pipeline/Pipeline.php(100): call_user_func(Object(Closure), Object(Illuminate\Http\Request))
#38 /Applications/MAMP/htdocs/baoo/vendor/laravel/framework/src/Illuminate/Foundation/Http/Kernel.php(115): Illuminate\Pipeline\Pipeline->then(Object(Closure))
#39 /Applications/MAMP/htdocs/baoo/vendor/laravel/framework/src/Illuminate/Foundation/Http/Kernel.php(84): Illuminate\Foundation\Http\Kernel->sendRequestThroughRouter(Object(Illuminate\Http\Request))
#40 /Applications/MAMP/htdocs/baoo/public/index.php(52): Illuminate\Foundation\Http\Kernel->handle(Object(Illuminate\Http\Request))
#41 {main}  
