[2017-08-25 10:41:48] production.ERROR: ErrorException: Function mcrypt_get_iv_size() is deprecated in /Applications/MAMP/htdocs/baoo/vendor/laravel/framework/src/Illuminate/Encryption/Encrypter.php:303
Stack trace:
#0 /Applications/MAMP/htdocs/baoo/vendor/laravel/framework/src/Illuminate/Encryption/Encrypter.php(303): Illuminate\Foundation\Bootstrap\HandleExceptions->handleError(8192, 'Function mcrypt...', '/Applications/M...', 303, Array)
#1 /Applications/MAMP/htdocs/baoo/vendor/laravel/framework/src/Illuminate/Encryption/Encrypter.php(280): Illuminate\Encryption\Encrypter->updateBlockSize()
#2 /Applications/MAMP/htdocs/baoo/vendor/laravel/framework/src/Illuminate/Encryption/EncryptionServiceProvider.php(20): Illuminate\Encryption\Encrypter->setCipher('rijndael-128')
#3 /Applications/MAMP/htdocs/baoo/vendor/laravel/framework/src/Illuminate/Container/Container.php(776): Illuminate\Encryption\EncryptionServiceProvider->Illuminate\Encryption\{closure}(Object(Illuminate\Foundation\Application), Array)
#4 /Applications/MAMP/htdocs/baoo/vendor/laravel/framework/src/Illuminate/Container/Container.php(659): Illuminate\Container\Container->build(Object(Closure), Array)
#5 /Applications/MAMP/htdocs/baoo/vendor/laravel/framework/src/Illuminate/Foundation/Application.php(644): Illuminate\Container\Container->make('encrypter', Array)
#6 /Applications/MAMP/htdocs/baoo/vendor/laravel/framework/src/Illuminate/Container/Container.php(890): Illuminate\Foundation\Application->make('encrypter')
#7 /Applications/MAMP/htdocs/baoo/vendor/laravel/framework/src/Illuminate/Container/Container.php(851): Illuminate\Container\Container->resolveClass(Object(ReflectionParameter))
#8 /Applications/MAMP/htdocs/baoo/vendor/laravel/framework/src/Illuminate/Container/Container.php(815): Illuminate\Container\Container->getDependencies(Array, Array)
#9 /Applications/MAMP/htdocs/baoo/vendor/laravel/framework/src/Illuminate/Container/Container.php(659): Illuminate\Container\Container->build('Illuminate\\Cook...', Array)
#10 /Applications/MAMP/htdocs/baoo/vendor/laravel/framework/src/Illuminate/Foundation/Application.php(644): Illuminate\Container\Container->make('Illuminate\\Cook...', Array)
#11 /Applications/MAMP/htdocs/baoo/vendor/laravel/framework/src/Illuminate/Pipeline/Pipeline.php(124): Illuminate\Foundation\Application->make('Illuminate\\Cook...')
#12 /Applications/MAMP/htdocs/baoo/vendor/laravel/framework/src/Illuminate/Foundation/Http/Middleware/CheckForMaintenanceMode.php(42): Illuminate\Pipeline\Pipeline->Illuminate\Pipeline\{closure}(Object(Illuminate\Http\Request))
#13 /Applications/MAMP/htdocs/baoo/vendor/laravel/framework/src/Illuminate/Pipeline/Pipeline.php(125): Illuminate\Foundation\Http\Middleware\CheckForMaintenanceMode->handle(Object(Illuminate\Http\Request), Object(Closure))
#14 [internal function]: Illuminate\Pipeline\Pipeline->Illuminate\Pipeline\{closure}(Object(Illuminate\Http\Request))
#15 /Applications/MAMP/htdocs/baoo/vendor/laravel/framework/src/Illuminate/Pipeline/Pipeline.php(100): call_user_func(Object(Closure), Object(Illuminate\Http\Request))
#16 /Applications/MAMP/htdocs/baoo/vendor/laravel/framework/src/Illuminate/Foundation/Http/Kernel.php(115): Illuminate\Pipeline\Pipeline->then(Object(Closure))
#17 /Applications/MAMP/htdocs/baoo/vendor/laravel/framework/src/Illuminate/Foundation/Http/Kernel.php(84): Illuminate\Foundation\Http\Kernel->sendRequestThroughRouter(Object(Illuminate\Http\Request))
#18 /Applications/MAMP/htdocs/baoo/public/index.php(52): Illuminate\Foundation\Http\Kernel->handle(Object(Illuminate\Http\Request))
#19 {main}  
[2017-08-25 10:41:48] production.ERROR: ErrorException: Function mcrypt_get_iv_size() is deprecated in /Applications/MAMP/htdocs/baoo/vendor/laravel/framework/src/Illuminate/Encryption/Encrypter.php:303
Stack trace:
#0 /Applications/MAMP/htdocs/baoo/vendor/laravel/framework/src/Illuminate/Encryption/Encrypter.php(303): Illuminate\Foundation\Bootstrap\HandleExceptions->handleError(8192, 'Function mcrypt...', '/Applications/M...', 303, Array)
#1 /Applications/MAMP/htdocs/baoo/vendor/laravel/framework/src/Illuminate/Encryption/Encrypter.php(280): Illuminate\Encryption\Encrypter->updateBlockSize()
#2 /Applications/MAMP/htdocs/baoo/vendor/laravel/framework/src/Illuminate/Encryption/EncryptionServiceProvider.php(20): Illuminate\Encryption\Encrypter->setCipher('rijndael-128')
#3 /Applications/MAMP/htdocs/baoo/vendor/laravel/framework/src/Illuminate/Container/Container.php(776): Illuminate\Encryption\EncryptionServiceProvider->Illuminate\Encryption\{closure}(Object(Illuminate\Foundation\Application), Array)
#4 /Applications/MAMP/htdocs/baoo/vendor/laravel/framework/src/Illuminate/Container/Container.php(659): Illuminate\Container\Container->build(Object(Closure), Array)
#5 /Applications/MAMP/htdocs/baoo/vendor/laravel/framework/src/Illuminate/Foundation/Application.php(644): Illuminate\Container\Container->make('encrypter', Array)
#6 /Applications/MAMP/htdocs/baoo/vendor/laravel/framework/src/Illuminate/Container/Container.php(890): Illuminate\Foundation\Application->make('encrypter')
#7 /Applications/MAMP/htdocs/baoo/vendor/laravel/framework/src/Illuminate/Container/Container.php(851): Illuminate\Container\Container->resolveClass(Object(ReflectionParameter))
#8 /Applications/MAMP/htdocs/baoo/vendor/laravel/framework/src/Illuminate/Container/Container.php(815): Illuminate\Container\Container->getDependencies(Array, Array)
#9 /Applications/MAMP/htdocs/baoo/vendor/laravel/framework/src/Illuminate/Container/Container.php(659): Illuminate\Container\Container->build('Illuminate\\Cook...', Array)
#10 /Applications/MAMP/htdocs/baoo/vendor/laravel/framework/src/Illuminate/Foundation/Application.php(644): Illuminate\Container\Container->make('Illuminate\\Cook...', Array)
#11 /Applications/MAMP/htdocs/baoo/vendor/laravel/framework/src/Illuminate/Foundation/Http/Kernel.php(131): Illuminate\Foundation\Application->make('Illuminate\\Cook...')
#12 /Applications/MAMP/htdocs/baoo/public/index.php(57): Illuminate\Foundation\Http\Kernel->terminate(Object(Illuminate\Http\Request), Object(Symfony\Component\HttpFoundation\Response))
#13 {main}  
[2017-08-25 10:42:34] production.ERROR: ErrorException: Function mcrypt_get_iv_size() is deprecated in /Applications/MAMP/htdocs/baoo/vendor/laravel/framework/src/Illuminate/Encryption/Encrypter.php:303
Stack trace:
#0 /Applications/MAMP/htdocs/baoo/vendor/laravel/framework/src/Illuminate/Encryption/Encrypter.php(303): Illuminate\Foundation\Bootstrap\HandleExceptions->handleError(8192, 'Function mcrypt...', '/Applications/M...', 303, Array)
#1 /Applications/MAMP/htdocs/baoo/vendor/laravel/framework/src/Illuminate/Encryption/Encrypter.php(280): Illuminate\Encryption\Encrypter->updateBlockSize()
#2 /Applications/MAMP/htdocs/baoo/vendor/laravel/framework/src/Illuminate/Encryption/EncryptionServiceProvider.php(20): Illuminate\Encryption\Encrypter->setCipher('rijndael-128')
#3 /Applications/MAMP/htdocs/baoo/vendor/laravel/framework/src/Illuminate/Container/Container.php(776): Illuminate\Encryption\EncryptionServiceProvider->Illuminate\Encryption\{closure}(Object(Illuminate\Foundation\Application), Array)
#4 /Applications/MAMP/htdocs/baoo/vendor/laravel/framework/src/Illuminate/Container/Container.php(659): Illuminate\Container\Container->build(Object(Closure), Array)
#5 /Applications/MAMP/htdocs/baoo/vendor/laravel/framework/src/Illuminate/Foundation/Application.php(644): Illuminate\Container\Container->make('encrypter', Array)
#6 /Applications/MAMP/htdocs/baoo/vendor/laravel/framework/src/Illuminate/Container/Container.php(890): Illuminate\Foundation\Application->make('encrypter')
#7 /Applications/MAMP/htdocs/baoo/vendor/laravel/framework/src/Illuminate/Container/Container.php(851): Illuminate\Container\Container->resolveClass(Object(ReflectionParameter))
#8 /Applications/MAMP/htdocs/baoo/vendor/laravel/framework/src/Illuminate/Container/Container.php(815): Illuminate\Container\Container->getDependencies(Array, Array)
#9 /Applications/MAMP/htdocs/baoo/vendor/laravel/framework/src/Illuminate/Container/Container.php(659): Illuminate\Container\Container->build('Illuminate\\Cook...', Array)
#10 /Applications/MAMP/htdocs/baoo/vendor/laravel/framework/src/Illuminate/Foundation/Application.php(644): Illuminate\Container\Container->make('Illuminate\\Cook...', Array)
#11 /Applications/MAMP/htdocs/baoo/vendor/laravel/framework/src/Illuminate/Pipeline/Pipeline.php(124): Illuminate\Foundation\Application->make('Illuminate\\Cook...')
#12 /Applications/MAMP/htdocs/baoo/vendor/laravel/framework/src/Illuminate/Foundation/Http/Middleware/CheckForMaintenanceMode.php(42): Illuminate\Pipeline\Pipeline->Illuminate\Pipeline\{closure}(Object(Illuminate\Http\Request))
#13 /Applications/MAMP/htdocs/baoo/vendor/laravel/framework/src/Illuminate/Pipeline/Pipeline.php(125): Illuminate\Foundation\Http\Middleware\CheckForMaintenanceMode->handle(Object(Illuminate\Http\Request), Object(Closure))
#14 [internal function]: Illuminate\Pipeline\Pipeline->Illuminate\Pipeline\{closure}(Object(Illuminate\Http\Request))
#15 /Applications/MAMP/htdocs/baoo/vendor/laravel/framework/src/Illuminate/Pipeline/Pipeline.php(100): call_user_func(Object(Closure), Object(Illuminate\Http\Request))
#16 /Applications/MAMP/htdocs/baoo/vendor/laravel/framework/src/Illuminate/Foundation/Http/Kernel.php(115): Illuminate\Pipeline\Pipeline->then(Object(Closure))
#17 /Applications/MAMP/htdocs/baoo/vendor/laravel/framework/src/Illuminate/Foundation/Http/Kernel.php(84): Illuminate\Foundation\Http\Kernel->sendRequestThroughRouter(Object(Illuminate\Http\Request))
#18 /Applications/MAMP/htdocs/baoo/public/index.php(52): Illuminate\Foundation\Http\Kernel->handle(Object(Illuminate\Http\Request))
#19 {main}  
[2017-08-25 10:42:34] production.ERROR: ErrorException: Function mcrypt_get_iv_size() is deprecated in /Applications/MAMP/htdocs/baoo/vendor/laravel/framework/src/Illuminate/Encryption/Encrypter.php:303
Stack trace:
#0 /Applications/MAMP/htdocs/baoo/vendor/laravel/framework/src/Illuminate/Encryption/Encrypter.php(303): Illuminate\Foundation\Bootstrap\HandleExceptions->handleError(8192, 'Function mcrypt...', '/Applications/M...', 303, Array)
#1 /Applications/MAMP/htdocs/baoo/vendor/laravel/framework/src/Illuminate/Encryption/Encrypter.php(280): Illuminate\Encryption\Encrypter->updateBlockSize()
#2 /Applications/MAMP/htdocs/baoo/vendor/laravel/framework/src/Illuminate/Encryption/EncryptionServiceProvider.php(20): Illuminate\Encryption\Encrypter->setCipher('rijndael-128')
#3 /Applications/MAMP/htdocs/baoo/vendor/laravel/framework/src/Illuminate/Container/Container.php(776): Illuminate\Encryption\EncryptionServiceProvider->Illuminate\Encryption\{closure}(Object(Illuminate\Foundation\Application), Array)
#4 /Applications/MAMP/htdocs/baoo/vendor/laravel/framework/src/Illuminate/Container/Container.php(659): Illuminate\Container\Container->build(Object(Closure), Array)
#5 /Applications/MAMP/htdocs/baoo/vendor/laravel/framework/src/Illuminate/Foundation/Application.php(644): Illuminate\Container\Container->make('encrypter', Array)
#6 /Applications/MAMP/htdocs/baoo/vendor/laravel/framework/src/Illuminate/Container/Container.php(890): Illuminate\Foundation\Application->make('encrypter')
#7 /Applications/MAMP/htdocs/baoo/vendor/laravel/framework/src/Illuminate/Container/Container.php(851): Illuminate\Container\Container->resolveClass(Object(ReflectionParameter))
#8 /Applications/MAMP/htdocs/baoo/vendor/laravel/framework/src/Illuminate/Container/Container.php(815): Illuminate\Container\Container->getDependencies(Array, Array)
#9 /Applications/MAMP/htdocs/baoo/vendor/laravel/framework/src/Illuminate/Container/Container.php(659): Illuminate\Container\Container->build('Illuminate\\Cook...', Array)
#10 /Applications/MAMP/htdocs/baoo/vendor/laravel/framework/src/Illuminate/Foundation/Application.php(644): Illuminate\Container\Container->make('Illuminate\\Cook...', Array)
#11 /Applications/MAMP/htdocs/baoo/vendor/laravel/framework/src/Illuminate/Foundation/Http/Kernel.php(131): Illuminate\Foundation\Application->make('Illuminate\\Cook...')
#12 /Applications/MAMP/htdocs/baoo/public/index.php(57): Illuminate\Foundation\Http\Kernel->terminate(Object(Illuminate\Http\Request), Object(Symfony\Component\HttpFoundation\Response))
#13 {main}  
[2017-08-25 10:59:03] production.ERROR: ErrorException: Function mcrypt_get_iv_size() is deprecated in /Applications/MAMP/htdocs/baoo/vendor/laravel/framework/src/Illuminate/Encryption/Encrypter.php:303
Stack trace:
#0 /Applications/MAMP/htdocs/baoo/vendor/laravel/framework/src/Illuminate/Encryption/Encrypter.php(303): Illuminate\Foundation\Bootstrap\HandleExceptions->handleError(8192, 'Function mcrypt...', '/Applications/M...', 303, Array)
#1 /Applications/MAMP/htdocs/baoo/vendor/laravel/framework/src/Illuminate/Encryption/Encrypter.php(280): Illuminate\Encryption\Encrypter->updateBlockSize()
#2 /Applications/MAMP/htdocs/baoo/vendor/laravel/framework/src/Illuminate/Encryption/EncryptionServiceProvider.php(20): Illuminate\Encryption\Encrypter->setCipher('rijndael-128')
#3 /Applications/MAMP/htdocs/baoo/vendor/laravel/framework/src/Illuminate/Container/Container.php(776): Illuminate\Encryption\EncryptionServiceProvider->Illuminate\Encryption\{closure}(Object(Illuminate\Foundation\Application), Array)
#4 /Applications/MAMP/htdocs/baoo/vendor/laravel/framework/src/Illuminate/Container/Container.php(659): Illuminate\Container\Container->build(Object(Closure), Array)
#5 /Applications/MAMP/htdocs/baoo/vendor/laravel/framework/src/Illuminate/Foundation/Application.php(644): Illuminate\Container\Container->make('encrypter', Array)
#6 /Applications/MAMP/htdocs/baoo/vendor/laravel/framework/src/Illuminate/Container/Container.php(890): Illuminate\Foundation\Application->make('encrypter')
#7 /Applications/MAMP/htdocs/baoo/vendor/laravel/framework/src/Illuminate/Container/Container.php(851): Illuminate\Container\Container->resolveClass(Object(ReflectionParameter))
#8 /Applications/MAMP/htdocs/baoo/vendor/laravel/framework/src/Illuminate/Container/Container.php(815): Illuminate\Container\Container->getDependencies(Array, Array)
#9 /Applications/MAMP/htdocs/baoo/vendor/laravel/framework/src/Illuminate/Container/Container.php(659): Illuminate\Container\Container->build('Illuminate\\Cook...', Array)
#10 /Applications/MAMP/htdocs/baoo/vendor/laravel/framework/src/Illuminate/Foundation/Application.php(644): Illuminate\Container\Container->make('Illuminate\\Cook...', Array)
#11 /Applications/MAMP/htdocs/baoo/vendor/laravel/framework/src/Illuminate/Pipeline/Pipeline.php(124): Illuminate\Foundation\Application->make('Illuminate\\Cook...')
#12 /Applications/MAMP/htdocs/baoo/vendor/laravel/framework/src/Illuminate/Foundation/Http/Middleware/CheckForMaintenanceMode.php(42): Illuminate\Pipeline\Pipeline->Illuminate\Pipeline\{closure}(Object(Illuminate\Http\Request))
#13 /Applications/MAMP/htdocs/baoo/vendor/laravel/framework/src/Illuminate/Pipeline/Pipeline.php(125): Illuminate\Foundation\Http\Middleware\CheckForMaintenanceMode->handle(Object(Illuminate\Http\Request), Object(Closure))
#14 [internal function]: Illuminate\Pipeline\Pipeline->Illuminate\Pipeline\{closure}(Object(Illuminate\Http\Request))
#15 /Applications/MAMP/htdocs/baoo/vendor/laravel/framework/src/Illuminate/Pipeline/Pipeline.php(100): call_user_func(Object(Closure), Object(Illuminate\Http\Request))
#16 /Applications/MAMP/htdocs/baoo/vendor/laravel/framework/src/Illuminate/Foundation/Http/Kernel.php(115): Illuminate\Pipeline\Pipeline->then(Object(Closure))
#17 /Applications/MAMP/htdocs/baoo/vendor/laravel/framework/src/Illuminate/Foundation/Http/Kernel.php(84): Illuminate\Foundation\Http\Kernel->sendRequestThroughRouter(Object(Illuminate\Http\Request))
#18 /Applications/MAMP/htdocs/baoo/public/index.php(52): Illuminate\Foundation\Http\Kernel->handle(Object(Illuminate\Http\Request))
#19 {main}  
[2017-08-25 10:59:03] production.ERROR: ErrorException: Function mcrypt_get_iv_size() is deprecated in /Applications/MAMP/htdocs/baoo/vendor/laravel/framework/src/Illuminate/Encryption/Encrypter.php:303
Stack trace:
#0 /Applications/MAMP/htdocs/baoo/vendor/laravel/framework/src/Illuminate/Encryption/Encrypter.php(303): Illuminate\Foundation\Bootstrap\HandleExceptions->handleError(8192, 'Function mcrypt...', '/Applications/M...', 303, Array)
#1 /Applications/MAMP/htdocs/baoo/vendor/laravel/framework/src/Illuminate/Encryption/Encrypter.php(280): Illuminate\Encryption\Encrypter->updateBlockSize()
#2 /Applications/MAMP/htdocs/baoo/vendor/laravel/framework/src/Illuminate/Encryption/EncryptionServiceProvider.php(20): Illuminate\Encryption\Encrypter->setCipher('rijndael-128')
#3 /Applications/MAMP/htdocs/baoo/vendor/laravel/framework/src/Illuminate/Container/Container.php(776): Illuminate\Encryption\EncryptionServiceProvider->Illuminate\Encryption\{closure}(Object(Illuminate\Foundation\Application), Array)
#4 /Applications/MAMP/htdocs/baoo/vendor/laravel/framework/src/Illuminate/Container/Container.php(659): Illuminate\Container\Container->build(Object(Closure), Array)
#5 /Applications/MAMP/htdocs/baoo/vendor/laravel/framework/src/Illuminate/Foundation/Application.php(644): Illuminate\Container\Container->make('encrypter', Array)
#6 /Applications/MAMP/htdocs/baoo/vendor/laravel/framework/src/Illuminate/Container/Container.php(890): Illuminate\Foundation\Application->make('encrypter')
#7 /Applications/MAMP/htdocs/baoo/vendor/laravel/framework/src/Illuminate/Container/Container.php(851): Illuminate\Container\Container->resolveClass(Object(ReflectionParameter))
#8 /Applications/MAMP/htdocs/baoo/vendor/laravel/framework/src/Illuminate/Container/Container.php(815): Illuminate\Container\Container->getDependencies(Array, Array)
#9 /Applications/MAMP/htdocs/baoo/vendor/laravel/framework/src/Illuminate/Container/Container.php(659): Illuminate\Container\Container->build('Illuminate\\Cook...', Array)
#10 /Applications/MAMP/htdocs/baoo/vendor/laravel/framework/src/Illuminate/Foundation/Application.php(644): Illuminate\Container\Container->make('Illuminate\\Cook...', Array)
#11 /Applications/MAMP/htdocs/baoo/vendor/laravel/framework/src/Illuminate/Foundation/Http/Kernel.php(131): Illuminate\Foundation\Application->make('Illuminate\\Cook...')
#12 /Applications/MAMP/htdocs/baoo/public/index.php(57): Illuminate\Foundation\Http\Kernel->terminate(Object(Illuminate\Http\Request), Object(Symfony\Component\HttpFoundation\Response))
#13 {main}  
